2020-12-29 11:29:14,726 [33] INFO dlib.tools.log - reload config docs
2020-12-29 11:29:14,732 [33] INFO dlib.tools.log - load xml config doc: \defs\blocks.xml - C:\root\todd\git\dn\deepanotes\defs\blocks.xml
2020-12-29 11:29:14,741 [33] INFO dlib.tools.log - load xml config doc: \defs\cmds.xml - C:\root\todd\git\dn\deepanotes\defs\cmds.xml
2020-12-29 11:29:14,749 [33] INFO dlib.tools.log - load xml config doc: \defs\lib-base.xml - C:\root\todd\git\dn\deepanotes\defs\lib-base.xml
2020-12-29 11:29:14,757 [33] INFO dlib.tools.log - load xml config doc: \defs\lib-conns.xml - C:\root\todd\git\dn\deepanotes\defs\lib-conns.xml
2020-12-29 11:29:14,766 [33] INFO dlib.tools.log - load xml config doc: \defs\lib-notes.xml - C:\root\todd\git\dn\deepanotes\defs\lib-notes.xml
2020-12-29 11:29:14,775 [33] INFO dlib.tools.log - load xml config doc: \defs\lib-synch.xml - C:\root\todd\git\dn\deepanotes\defs\lib-synch.xml
2020-12-29 11:29:14,785 [33] INFO dlib.tools.log - load xml config doc: \defs\lib-vars.xml - C:\root\todd\git\dn\deepanotes\defs\lib-vars.xml
2020-12-29 11:29:14,791 [33] INFO dlib.tools.log - load xml config doc: \defs\users.xml - C:\root\todd\git\dn\deepanotes\defs\users.xml
2020-12-29 11:29:14,801 [33] INFO dlib.tools.log - load vars doc: \defs\blocks.xml - C:\root\todd\git\dn\deepanotes\defs\blocks.xml
2020-12-29 11:29:14,801 [33] INFO dlib.tools.log - load vars doc: \defs\cmds.xml - C:\root\todd\git\dn\deepanotes\defs\cmds.xml
2020-12-29 11:29:14,802 [33] INFO dlib.tools.log - load vars doc: \defs\lib-base.xml - C:\root\todd\git\dn\deepanotes\defs\lib-base.xml
2020-12-29 11:29:14,803 [33] INFO dlib.tools.log - load vars doc: \defs\lib-conns.xml - C:\root\todd\git\dn\deepanotes\defs\lib-conns.xml
2020-12-29 11:29:14,804 [33] INFO dlib.tools.log - load vars doc: \defs\lib-notes.xml - C:\root\todd\git\dn\deepanotes\defs\lib-notes.xml
2020-12-29 11:29:14,805 [33] INFO dlib.tools.log - load vars doc: \defs\lib-synch.xml - C:\root\todd\git\dn\deepanotes\defs\lib-synch.xml
2020-12-29 11:29:14,805 [33] INFO dlib.tools.log - load vars doc: \defs\lib-vars.xml - C:\root\todd\git\dn\deepanotes\defs\lib-vars.xml
2020-12-29 11:29:14,806 [33] INFO dlib.tools.log - load vars doc: \defs\users.xml - C:\root\todd\git\dn\deepanotes\defs\users.xml
2020-12-29 11:29:14,807 [33] INFO dlib.tools.log - load config doc: \defs\blocks.xml - C:\root\todd\git\dn\deepanotes\defs\blocks.xml
2020-12-29 11:29:14,808 [33] INFO dlib.tools.log - load config doc: \defs\cmds.xml - C:\root\todd\git\dn\deepanotes\defs\cmds.xml
2020-12-29 11:29:14,809 [33] INFO dlib.tools.log - load config doc: \defs\lib-base.xml - C:\root\todd\git\dn\deepanotes\defs\lib-base.xml
2020-12-29 11:29:14,810 [33] INFO dlib.tools.log - load config doc: \defs\lib-conns.xml - C:\root\todd\git\dn\deepanotes\defs\lib-conns.xml
2020-12-29 11:29:14,811 [33] INFO dlib.tools.log - load config doc: \defs\lib-notes.xml - C:\root\todd\git\dn\deepanotes\defs\lib-notes.xml
2020-12-29 11:29:14,811 [33] INFO dlib.tools.log - load config doc: \defs\lib-synch.xml - C:\root\todd\git\dn\deepanotes\defs\lib-synch.xml
2020-12-29 11:29:14,812 [33] INFO dlib.tools.log - load config doc: \defs\lib-vars.xml - C:\root\todd\git\dn\deepanotes\defs\lib-vars.xml
2020-12-29 11:29:14,812 [33] INFO dlib.tools.log - load config doc: \defs\users.xml - C:\root\todd\git\dn\deepanotes\defs\users.xml
2020-12-29 11:29:14,813 [33] DEBUG dlib.tools.log - SQL: open conn 'Data Source=localhost;Initial Catalog=deepanotes;User ID=sa;Password=Molina32!'
2020-12-29 11:29:14,828 [33] DEBUG dlib.tools.log - SQL: select task_filter_id, filter_title, filter_notes, filter_def, filter_class
 from dn_tasks_filters order by filter_order
2020-12-29 11:29:14,832 [33] DEBUG dlib.tools.log - SQL: select var_name, var_value 
          from users_cache where [user_id] = 0 and var_name in ('active-task-filter')
2020-12-29 11:29:14,835 [33] DEBUG dlib.tools.log - SQL: select ft.tp, ft.synch_folder_id, ft.folder_id, ft.parent_id, ft.title
       , ft.des, ft.http_path, ft.lvl, dbo.folder_path(ft.folder_id) as folder_path
       , (select top 1 1 from dn_tasks where folder_id = ft.folder_id) as is_task
      from dbo.fnc_dn_folders(null, null) ft
      order by ft.synch_folder_id, ft.lvl, ft.title
2020-12-29 11:29:14,847 [33] DEBUG dlib.tools.log - SQL: select f.synch_folder_id, f.file_id, f.folder_id, f.file_name, f.dt_ins
       from dn_files f
       where exists (select top 1 1 from dbo.fnc_dn_folders(null, null) ft 
	      where ft.synch_folder_id = f.synch_folder_id 
          and isnull(ft.folder_id, 0) = isnull(f.folder_id, 0))
2020-12-29 11:29:14,855 [33] DEBUG dlib.tools.log - SQL: select t3.*
      , tst.stato, tst.[order] as stato_order, isnull(tst.class, 'light') as stato_class, isnull(tst.title_plurale, '') as stato_title_plurale, isnull(tst.title_singolare, '') as stato_title_singolare
      , tp.priorita, tp.[order] as priorita_order, isnull(tp.class, 'light') as priorita_class, isnull(tp.title_plurale, '') as priorita_title_plurale, isnull(tp.title_singolare, '') as priorita_title_singolare
      , tt.tipo, tt.[order] as tipo_order, isnull(tt.class, 'light') as tipo_class, isnull(tt.title_plurale, '') as tipo_title_plurale, isnull(tt.title_singolare, '') as tipo_title_singolare
      , ts.stima, ts.[days] as stima_days, isnull(ts.class, 'light') as stima_class, isnull(ts.title_plurale, '') as stima_title_plurale, isnull(ts.title_singolare, '') as stima_title_singolare
      , (select top 1 1 from dn_tasks_notes where task_id = t3.task_id) as task_notes
      , (select top 1 1 from vw_task_allegati f2 where f2.folder_id = t3.folder_id and t3.file_id is null) as task_files
  from (select t2.*, datediff(day, t2.dt_ref, getdate()) as diff_days
    from (select t.task_id, t.synch_folder_id, isnull(t.folder_id, f.folder_id) as folder_id
	   , t.file_id, t.title, t.[user], t.stato, t.priorita, t.tipo, t.stima, t.dt_ins, t.dt_upd
     , (case when t.dt_ins > t.dt_upd then t.dt_ins else t.dt_upd end) as dt_ref
	  from dn_tasks t
	  left join dn_files f on f.file_id = t.file_id
    where (null is null or (null is not null and t.task_id = null)) ) t2
    where exists (select top 1 1 from dbo.fnc_dn_folders(null, null) ft 
	    where  ft.synch_folder_id = t2.synch_folder_id 
       and isnull(ft.folder_id, 0) = isnull(t2.folder_id, 0))) t3
   left join dn_task_stato tst on tst.stato = t3.stato
   left join dn_task_priorita tp on tp.priorita = t3.priorita
   left join dn_task_tipo tt on tt.tipo = t3.tipo
   left join dn_task_stima ts on ts.stima = t3.stima
   where 1 = 1 
2020-12-29 11:29:14,882 [33] DEBUG dlib.tools.log - SQL: select title_singolare, stato from dn_task_stato order by [order]
2020-12-29 11:29:14,899 [33] DEBUG dlib.tools.log - SQL: select t.title, t.[value]
      from (select '' as title, '' as [value], -1 as [order]
       union select title_singolare as title, priorita as [value], [order] from dn_task_priorita
      ) t order by t.[order]
2020-12-29 11:29:14,901 [33] DEBUG dlib.tools.log - SQL: select t.title, t.[value]
      from (select '' as title, '' as [value], -1 as [days]
       union select title_singolare as title, stima as [value], [days] from dn_task_stima 
       ) t order by t.[days]
2020-12-29 11:29:14,904 [33] DEBUG dlib.tools.log - SQL: select t.title, t.[value]
      from (select '' as title, '' as [value], -1 as [order]
       union select title_singolare as title, tipo as [value], [order] from dn_task_tipo
       ) t order by t.[order]
2020-12-29 11:29:14,905 [33] DEBUG dlib.tools.log - SQL: select t.title, t.[value]
      from (select '' as title, '' as [value]
       union select nome as title, nome as [value] from users
       ) t order by 2
2020-12-29 11:29:45,496 [67] INFO dlib.tools.log - reload config docs
2020-12-29 11:29:45,497 [67] INFO dlib.tools.log - load xml config doc: \defs\blocks.xml - C:\root\todd\git\dn\deepanotes\defs\blocks.xml
2020-12-29 11:29:45,498 [67] INFO dlib.tools.log - load xml config doc: \defs\cmds.xml - C:\root\todd\git\dn\deepanotes\defs\cmds.xml
2020-12-29 11:29:45,499 [67] INFO dlib.tools.log - load xml config doc: \defs\lib-base.xml - C:\root\todd\git\dn\deepanotes\defs\lib-base.xml
2020-12-29 11:29:45,500 [67] INFO dlib.tools.log - load xml config doc: \defs\lib-conns.xml - C:\root\todd\git\dn\deepanotes\defs\lib-conns.xml
2020-12-29 11:29:45,501 [67] INFO dlib.tools.log - load xml config doc: \defs\lib-notes.xml - C:\root\todd\git\dn\deepanotes\defs\lib-notes.xml
2020-12-29 11:29:45,502 [67] INFO dlib.tools.log - load xml config doc: \defs\lib-synch.xml - C:\root\todd\git\dn\deepanotes\defs\lib-synch.xml
2020-12-29 11:29:45,502 [67] INFO dlib.tools.log - load xml config doc: \defs\lib-vars.xml - C:\root\todd\git\dn\deepanotes\defs\lib-vars.xml
2020-12-29 11:29:45,503 [67] INFO dlib.tools.log - load xml config doc: \defs\users.xml - C:\root\todd\git\dn\deepanotes\defs\users.xml
2020-12-29 11:29:45,504 [67] INFO dlib.tools.log - load vars doc: \defs\blocks.xml - C:\root\todd\git\dn\deepanotes\defs\blocks.xml
2020-12-29 11:29:45,504 [67] INFO dlib.tools.log - load vars doc: \defs\cmds.xml - C:\root\todd\git\dn\deepanotes\defs\cmds.xml
2020-12-29 11:29:45,505 [67] INFO dlib.tools.log - load vars doc: \defs\lib-base.xml - C:\root\todd\git\dn\deepanotes\defs\lib-base.xml
2020-12-29 11:29:45,506 [67] INFO dlib.tools.log - load vars doc: \defs\lib-conns.xml - C:\root\todd\git\dn\deepanotes\defs\lib-conns.xml
2020-12-29 11:29:45,506 [67] INFO dlib.tools.log - load vars doc: \defs\lib-notes.xml - C:\root\todd\git\dn\deepanotes\defs\lib-notes.xml
2020-12-29 11:29:45,507 [67] INFO dlib.tools.log - load vars doc: \defs\lib-synch.xml - C:\root\todd\git\dn\deepanotes\defs\lib-synch.xml
2020-12-29 11:29:45,508 [67] INFO dlib.tools.log - load vars doc: \defs\lib-vars.xml - C:\root\todd\git\dn\deepanotes\defs\lib-vars.xml
2020-12-29 11:29:45,509 [67] INFO dlib.tools.log - load vars doc: \defs\users.xml - C:\root\todd\git\dn\deepanotes\defs\users.xml
2020-12-29 11:29:45,509 [67] INFO dlib.tools.log - load config doc: \defs\blocks.xml - C:\root\todd\git\dn\deepanotes\defs\blocks.xml
2020-12-29 11:29:45,510 [67] INFO dlib.tools.log - load config doc: \defs\cmds.xml - C:\root\todd\git\dn\deepanotes\defs\cmds.xml
2020-12-29 11:29:45,511 [67] INFO dlib.tools.log - load config doc: \defs\lib-base.xml - C:\root\todd\git\dn\deepanotes\defs\lib-base.xml
2020-12-29 11:29:45,511 [67] INFO dlib.tools.log - load config doc: \defs\lib-conns.xml - C:\root\todd\git\dn\deepanotes\defs\lib-conns.xml
2020-12-29 11:29:45,512 [67] INFO dlib.tools.log - load config doc: \defs\lib-notes.xml - C:\root\todd\git\dn\deepanotes\defs\lib-notes.xml
2020-12-29 11:29:45,513 [67] INFO dlib.tools.log - load config doc: \defs\lib-synch.xml - C:\root\todd\git\dn\deepanotes\defs\lib-synch.xml
2020-12-29 11:29:45,513 [67] INFO dlib.tools.log - load config doc: \defs\lib-vars.xml - C:\root\todd\git\dn\deepanotes\defs\lib-vars.xml
2020-12-29 11:29:45,514 [67] INFO dlib.tools.log - load config doc: \defs\users.xml - C:\root\todd\git\dn\deepanotes\defs\users.xml
2020-12-29 11:29:45,515 [67] DEBUG dlib.tools.log - SQL: open conn 'Data Source=localhost;Initial Catalog=deepanotes;User ID=sa;Password=Molina32!'
2020-12-29 11:29:45,522 [67] DEBUG dlib.tools.log - SQL: select task_notes from dn_tasks_notes 
       where task_id = 1
2020-12-29 11:29:45,525 [67] DEBUG dlib.tools.log - SQL: select a.file_id, a.file_name, a.extension, a.http_path
      from vw_task_allegati a
      where a.task_id = 1
2020-12-29 11:29:50,709 [87] INFO dlib.tools.log - reload config docs
2020-12-29 11:29:50,710 [87] INFO dlib.tools.log - load xml config doc: \defs\blocks.xml - C:\root\todd\git\dn\deepanotes\defs\blocks.xml
2020-12-29 11:29:50,711 [87] INFO dlib.tools.log - load xml config doc: \defs\cmds.xml - C:\root\todd\git\dn\deepanotes\defs\cmds.xml
2020-12-29 11:29:50,712 [87] INFO dlib.tools.log - load xml config doc: \defs\lib-base.xml - C:\root\todd\git\dn\deepanotes\defs\lib-base.xml
2020-12-29 11:29:50,713 [87] INFO dlib.tools.log - load xml config doc: \defs\lib-conns.xml - C:\root\todd\git\dn\deepanotes\defs\lib-conns.xml
2020-12-29 11:29:50,714 [87] INFO dlib.tools.log - load xml config doc: \defs\lib-notes.xml - C:\root\todd\git\dn\deepanotes\defs\lib-notes.xml
2020-12-29 11:29:50,715 [87] INFO dlib.tools.log - load xml config doc: \defs\lib-synch.xml - C:\root\todd\git\dn\deepanotes\defs\lib-synch.xml
2020-12-29 11:29:50,716 [87] INFO dlib.tools.log - load xml config doc: \defs\lib-vars.xml - C:\root\todd\git\dn\deepanotes\defs\lib-vars.xml
2020-12-29 11:29:50,716 [87] INFO dlib.tools.log - load xml config doc: \defs\users.xml - C:\root\todd\git\dn\deepanotes\defs\users.xml
2020-12-29 11:29:50,717 [87] INFO dlib.tools.log - load vars doc: \defs\blocks.xml - C:\root\todd\git\dn\deepanotes\defs\blocks.xml
2020-12-29 11:29:50,718 [87] INFO dlib.tools.log - load vars doc: \defs\cmds.xml - C:\root\todd\git\dn\deepanotes\defs\cmds.xml
2020-12-29 11:29:50,719 [87] INFO dlib.tools.log - load vars doc: \defs\lib-base.xml - C:\root\todd\git\dn\deepanotes\defs\lib-base.xml
2020-12-29 11:29:50,719 [87] INFO dlib.tools.log - load vars doc: \defs\lib-conns.xml - C:\root\todd\git\dn\deepanotes\defs\lib-conns.xml
2020-12-29 11:29:50,720 [87] INFO dlib.tools.log - load vars doc: \defs\lib-notes.xml - C:\root\todd\git\dn\deepanotes\defs\lib-notes.xml
2020-12-29 11:29:50,721 [87] INFO dlib.tools.log - load vars doc: \defs\lib-synch.xml - C:\root\todd\git\dn\deepanotes\defs\lib-synch.xml
2020-12-29 11:29:50,722 [87] INFO dlib.tools.log - load vars doc: \defs\lib-vars.xml - C:\root\todd\git\dn\deepanotes\defs\lib-vars.xml
2020-12-29 11:29:50,722 [87] INFO dlib.tools.log - load vars doc: \defs\users.xml - C:\root\todd\git\dn\deepanotes\defs\users.xml
2020-12-29 11:29:50,723 [87] INFO dlib.tools.log - load config doc: \defs\blocks.xml - C:\root\todd\git\dn\deepanotes\defs\blocks.xml
2020-12-29 11:29:50,723 [87] INFO dlib.tools.log - load config doc: \defs\cmds.xml - C:\root\todd\git\dn\deepanotes\defs\cmds.xml
2020-12-29 11:29:50,724 [87] INFO dlib.tools.log - load config doc: \defs\lib-base.xml - C:\root\todd\git\dn\deepanotes\defs\lib-base.xml
2020-12-29 11:29:50,724 [87] INFO dlib.tools.log - load config doc: \defs\lib-conns.xml - C:\root\todd\git\dn\deepanotes\defs\lib-conns.xml
2020-12-29 11:29:50,725 [87] INFO dlib.tools.log - load config doc: \defs\lib-notes.xml - C:\root\todd\git\dn\deepanotes\defs\lib-notes.xml
2020-12-29 11:29:50,726 [87] INFO dlib.tools.log - load config doc: \defs\lib-synch.xml - C:\root\todd\git\dn\deepanotes\defs\lib-synch.xml
2020-12-29 11:29:50,726 [87] INFO dlib.tools.log - load config doc: \defs\lib-vars.xml - C:\root\todd\git\dn\deepanotes\defs\lib-vars.xml
2020-12-29 11:29:50,727 [87] INFO dlib.tools.log - load config doc: \defs\users.xml - C:\root\todd\git\dn\deepanotes\defs\users.xml
2020-12-29 11:29:50,728 [87] DEBUG dlib.tools.log - SQL: open conn 'Data Source=localhost;Initial Catalog=deepanotes;User ID=sa;Password=Molina32!'
2020-12-29 11:29:55,156 [80] INFO dlib.tools.log - reload config docs
2020-12-29 11:29:55,157 [80] INFO dlib.tools.log - load xml config doc: \defs\blocks.xml - C:\root\todd\git\dn\deepanotes\defs\blocks.xml
2020-12-29 11:29:55,158 [80] INFO dlib.tools.log - load xml config doc: \defs\cmds.xml - C:\root\todd\git\dn\deepanotes\defs\cmds.xml
2020-12-29 11:29:55,159 [80] INFO dlib.tools.log - load xml config doc: \defs\lib-base.xml - C:\root\todd\git\dn\deepanotes\defs\lib-base.xml
2020-12-29 11:29:55,160 [80] INFO dlib.tools.log - load xml config doc: \defs\lib-conns.xml - C:\root\todd\git\dn\deepanotes\defs\lib-conns.xml
2020-12-29 11:29:55,161 [80] INFO dlib.tools.log - load xml config doc: \defs\lib-notes.xml - C:\root\todd\git\dn\deepanotes\defs\lib-notes.xml
2020-12-29 11:29:55,161 [80] INFO dlib.tools.log - load xml config doc: \defs\lib-synch.xml - C:\root\todd\git\dn\deepanotes\defs\lib-synch.xml
2020-12-29 11:29:55,162 [80] INFO dlib.tools.log - load xml config doc: \defs\lib-vars.xml - C:\root\todd\git\dn\deepanotes\defs\lib-vars.xml
2020-12-29 11:29:55,162 [80] INFO dlib.tools.log - load xml config doc: \defs\users.xml - C:\root\todd\git\dn\deepanotes\defs\users.xml
2020-12-29 11:29:55,164 [80] INFO dlib.tools.log - load vars doc: \defs\blocks.xml - C:\root\todd\git\dn\deepanotes\defs\blocks.xml
2020-12-29 11:29:55,164 [80] INFO dlib.tools.log - load vars doc: \defs\cmds.xml - C:\root\todd\git\dn\deepanotes\defs\cmds.xml
2020-12-29 11:29:55,165 [80] INFO dlib.tools.log - load vars doc: \defs\lib-base.xml - C:\root\todd\git\dn\deepanotes\defs\lib-base.xml
2020-12-29 11:29:55,165 [80] INFO dlib.tools.log - load vars doc: \defs\lib-conns.xml - C:\root\todd\git\dn\deepanotes\defs\lib-conns.xml
2020-12-29 11:29:55,166 [80] INFO dlib.tools.log - load vars doc: \defs\lib-notes.xml - C:\root\todd\git\dn\deepanotes\defs\lib-notes.xml
2020-12-29 11:29:55,166 [80] INFO dlib.tools.log - load vars doc: \defs\lib-synch.xml - C:\root\todd\git\dn\deepanotes\defs\lib-synch.xml
2020-12-29 11:29:55,167 [80] INFO dlib.tools.log - load vars doc: \defs\lib-vars.xml - C:\root\todd\git\dn\deepanotes\defs\lib-vars.xml
2020-12-29 11:29:55,167 [80] INFO dlib.tools.log - load vars doc: \defs\users.xml - C:\root\todd\git\dn\deepanotes\defs\users.xml
2020-12-29 11:29:55,168 [80] INFO dlib.tools.log - load config doc: \defs\blocks.xml - C:\root\todd\git\dn\deepanotes\defs\blocks.xml
2020-12-29 11:29:55,170 [80] INFO dlib.tools.log - load config doc: \defs\cmds.xml - C:\root\todd\git\dn\deepanotes\defs\cmds.xml
2020-12-29 11:29:55,170 [80] INFO dlib.tools.log - load config doc: \defs\lib-base.xml - C:\root\todd\git\dn\deepanotes\defs\lib-base.xml
2020-12-29 11:29:55,170 [80] INFO dlib.tools.log - load config doc: \defs\lib-conns.xml - C:\root\todd\git\dn\deepanotes\defs\lib-conns.xml
2020-12-29 11:29:55,170 [80] INFO dlib.tools.log - load config doc: \defs\lib-notes.xml - C:\root\todd\git\dn\deepanotes\defs\lib-notes.xml
2020-12-29 11:29:55,171 [80] INFO dlib.tools.log - load config doc: \defs\lib-synch.xml - C:\root\todd\git\dn\deepanotes\defs\lib-synch.xml
2020-12-29 11:29:55,171 [80] INFO dlib.tools.log - load config doc: \defs\lib-vars.xml - C:\root\todd\git\dn\deepanotes\defs\lib-vars.xml
2020-12-29 11:29:55,172 [80] INFO dlib.tools.log - load config doc: \defs\users.xml - C:\root\todd\git\dn\deepanotes\defs\users.xml
2020-12-29 11:29:55,173 [80] DEBUG dlib.tools.log - SQL: open conn 'Data Source=localhost;Initial Catalog=deepanotes;User ID=sa;Password=Molina32!'
2020-12-29 11:29:55,181 [80] DEBUG dlib.tools.log - SQL: select task_filter_id, filter_title, filter_notes, filter_def, filter_class
 from dn_tasks_filters order by filter_order
2020-12-29 11:29:55,184 [80] DEBUG dlib.tools.log - SQL: select var_name, var_value 
          from users_cache where [user_id] = 0 and var_name in ('active-task-filter')
2020-12-29 11:29:55,185 [80] DEBUG dlib.tools.log - SQL: select ft.tp, ft.synch_folder_id, ft.folder_id, ft.parent_id, ft.title
       , ft.des, ft.http_path, ft.lvl, dbo.folder_path(ft.folder_id) as folder_path
       , (select top 1 1 from dn_tasks where folder_id = ft.folder_id) as is_task
      from dbo.fnc_dn_folders(null, null) ft
      order by ft.synch_folder_id, ft.lvl, ft.title
2020-12-29 11:29:55,192 [80] DEBUG dlib.tools.log - SQL: select f.synch_folder_id, f.file_id, f.folder_id, f.file_name, f.dt_ins
       from dn_files f
       where exists (select top 1 1 from dbo.fnc_dn_folders(null, null) ft 
	      where ft.synch_folder_id = f.synch_folder_id 
          and isnull(ft.folder_id, 0) = isnull(f.folder_id, 0))
2020-12-29 11:29:55,194 [80] DEBUG dlib.tools.log - SQL: select t3.*
      , tst.stato, tst.[order] as stato_order, isnull(tst.class, 'light') as stato_class, isnull(tst.title_plurale, '') as stato_title_plurale, isnull(tst.title_singolare, '') as stato_title_singolare
      , tp.priorita, tp.[order] as priorita_order, isnull(tp.class, 'light') as priorita_class, isnull(tp.title_plurale, '') as priorita_title_plurale, isnull(tp.title_singolare, '') as priorita_title_singolare
      , tt.tipo, tt.[order] as tipo_order, isnull(tt.class, 'light') as tipo_class, isnull(tt.title_plurale, '') as tipo_title_plurale, isnull(tt.title_singolare, '') as tipo_title_singolare
      , ts.stima, ts.[days] as stima_days, isnull(ts.class, 'light') as stima_class, isnull(ts.title_plurale, '') as stima_title_plurale, isnull(ts.title_singolare, '') as stima_title_singolare
      , (select top 1 1 from dn_tasks_notes where task_id = t3.task_id) as task_notes
      , (select top 1 1 from vw_task_allegati f2 where f2.folder_id = t3.folder_id and t3.file_id is null) as task_files
  from (select t2.*, datediff(day, t2.dt_ref, getdate()) as diff_days
    from (select t.task_id, t.synch_folder_id, isnull(t.folder_id, f.folder_id) as folder_id
	   , t.file_id, t.title, t.[user], t.stato, t.priorita, t.tipo, t.stima, t.dt_ins, t.dt_upd
     , (case when t.dt_ins > t.dt_upd then t.dt_ins else t.dt_upd end) as dt_ref
	  from dn_tasks t
	  left join dn_files f on f.file_id = t.file_id
    where (null is null or (null is not null and t.task_id = null)) ) t2
    where exists (select top 1 1 from dbo.fnc_dn_folders(null, null) ft 
	    where  ft.synch_folder_id = t2.synch_folder_id 
       and isnull(ft.folder_id, 0) = isnull(t2.folder_id, 0))) t3
   left join dn_task_stato tst on tst.stato = t3.stato
   left join dn_task_priorita tp on tp.priorita = t3.priorita
   left join dn_task_tipo tt on tt.tipo = t3.tipo
   left join dn_task_stima ts on ts.stima = t3.stima
   where 1 = 1 
2020-12-29 11:29:55,202 [80] DEBUG dlib.tools.log - SQL: select title_singolare, stato from dn_task_stato order by [order]
2020-12-29 11:29:55,213 [80] DEBUG dlib.tools.log - SQL: select t.title, t.[value]
      from (select '' as title, '' as [value], -1 as [order]
       union select title_singolare as title, priorita as [value], [order] from dn_task_priorita
      ) t order by t.[order]
2020-12-29 11:29:55,215 [80] DEBUG dlib.tools.log - SQL: select t.title, t.[value]
      from (select '' as title, '' as [value], -1 as [days]
       union select title_singolare as title, stima as [value], [days] from dn_task_stima 
       ) t order by t.[days]
2020-12-29 11:29:55,216 [80] DEBUG dlib.tools.log - SQL: select t.title, t.[value]
      from (select '' as title, '' as [value], -1 as [order]
       union select title_singolare as title, tipo as [value], [order] from dn_task_tipo
       ) t order by t.[order]
2020-12-29 11:29:55,217 [80] DEBUG dlib.tools.log - SQL: select t.title, t.[value]
      from (select '' as title, '' as [value]
       union select nome as title, nome as [value] from users
       ) t order by 2
2020-12-29 11:29:58,991 [56] INFO dlib.tools.log - reload config docs
2020-12-29 11:29:58,992 [56] INFO dlib.tools.log - load xml config doc: \defs\blocks.xml - C:\root\todd\git\dn\deepanotes\defs\blocks.xml
2020-12-29 11:29:58,993 [56] INFO dlib.tools.log - load xml config doc: \defs\cmds.xml - C:\root\todd\git\dn\deepanotes\defs\cmds.xml
2020-12-29 11:29:58,993 [56] INFO dlib.tools.log - load xml config doc: \defs\lib-base.xml - C:\root\todd\git\dn\deepanotes\defs\lib-base.xml
2020-12-29 11:29:58,994 [56] INFO dlib.tools.log - load xml config doc: \defs\lib-conns.xml - C:\root\todd\git\dn\deepanotes\defs\lib-conns.xml
2020-12-29 11:29:58,995 [56] INFO dlib.tools.log - load xml config doc: \defs\lib-notes.xml - C:\root\todd\git\dn\deepanotes\defs\lib-notes.xml
2020-12-29 11:29:58,996 [56] INFO dlib.tools.log - load xml config doc: \defs\lib-synch.xml - C:\root\todd\git\dn\deepanotes\defs\lib-synch.xml
2020-12-29 11:29:58,997 [56] INFO dlib.tools.log - load xml config doc: \defs\lib-vars.xml - C:\root\todd\git\dn\deepanotes\defs\lib-vars.xml
2020-12-29 11:29:58,998 [56] INFO dlib.tools.log - load xml config doc: \defs\users.xml - C:\root\todd\git\dn\deepanotes\defs\users.xml
2020-12-29 11:29:58,998 [56] INFO dlib.tools.log - load vars doc: \defs\blocks.xml - C:\root\todd\git\dn\deepanotes\defs\blocks.xml
2020-12-29 11:29:58,999 [56] INFO dlib.tools.log - load vars doc: \defs\cmds.xml - C:\root\todd\git\dn\deepanotes\defs\cmds.xml
2020-12-29 11:29:59,000 [56] INFO dlib.tools.log - load vars doc: \defs\lib-base.xml - C:\root\todd\git\dn\deepanotes\defs\lib-base.xml
2020-12-29 11:29:59,001 [56] INFO dlib.tools.log - load vars doc: \defs\lib-conns.xml - C:\root\todd\git\dn\deepanotes\defs\lib-conns.xml
2020-12-29 11:29:59,001 [56] INFO dlib.tools.log - load vars doc: \defs\lib-notes.xml - C:\root\todd\git\dn\deepanotes\defs\lib-notes.xml
2020-12-29 11:29:59,002 [56] INFO dlib.tools.log - load vars doc: \defs\lib-synch.xml - C:\root\todd\git\dn\deepanotes\defs\lib-synch.xml
2020-12-29 11:29:59,002 [56] INFO dlib.tools.log - load vars doc: \defs\lib-vars.xml - C:\root\todd\git\dn\deepanotes\defs\lib-vars.xml
2020-12-29 11:29:59,003 [56] INFO dlib.tools.log - load vars doc: \defs\users.xml - C:\root\todd\git\dn\deepanotes\defs\users.xml
2020-12-29 11:29:59,004 [56] INFO dlib.tools.log - load config doc: \defs\blocks.xml - C:\root\todd\git\dn\deepanotes\defs\blocks.xml
2020-12-29 11:29:59,004 [56] INFO dlib.tools.log - load config doc: \defs\cmds.xml - C:\root\todd\git\dn\deepanotes\defs\cmds.xml
2020-12-29 11:29:59,005 [56] INFO dlib.tools.log - load config doc: \defs\lib-base.xml - C:\root\todd\git\dn\deepanotes\defs\lib-base.xml
2020-12-29 11:29:59,005 [56] INFO dlib.tools.log - load config doc: \defs\lib-conns.xml - C:\root\todd\git\dn\deepanotes\defs\lib-conns.xml
2020-12-29 11:29:59,006 [56] INFO dlib.tools.log - load config doc: \defs\lib-notes.xml - C:\root\todd\git\dn\deepanotes\defs\lib-notes.xml
2020-12-29 11:29:59,006 [56] INFO dlib.tools.log - load config doc: \defs\lib-synch.xml - C:\root\todd\git\dn\deepanotes\defs\lib-synch.xml
2020-12-29 11:29:59,007 [56] INFO dlib.tools.log - load config doc: \defs\lib-vars.xml - C:\root\todd\git\dn\deepanotes\defs\lib-vars.xml
2020-12-29 11:29:59,007 [56] INFO dlib.tools.log - load config doc: \defs\users.xml - C:\root\todd\git\dn\deepanotes\defs\users.xml
2020-12-29 11:29:59,008 [56] DEBUG dlib.tools.log - SQL: open conn 'Data Source=localhost;Initial Catalog=deepanotes;User ID=sa;Password=Molina32!'
2020-12-29 11:29:59,017 [56] DEBUG dlib.tools.log - SQL: select task_notes from dn_tasks_notes 
       where task_id = 1
2020-12-29 11:29:59,019 [56] DEBUG dlib.tools.log - SQL: select a.file_id, a.file_name, a.extension, a.http_path
      from vw_task_allegati a
      where a.task_id = 1
2020-12-29 11:30:05,133 [86] INFO dlib.tools.log - reload config docs
2020-12-29 11:30:05,138 [86] INFO dlib.tools.log - load xml config doc: \defs\blocks.xml - C:\root\todd\git\dn\deepanotes\defs\blocks.xml
2020-12-29 11:30:05,139 [86] INFO dlib.tools.log - load xml config doc: \defs\cmds.xml - C:\root\todd\git\dn\deepanotes\defs\cmds.xml
2020-12-29 11:30:05,140 [86] INFO dlib.tools.log - load xml config doc: \defs\lib-base.xml - C:\root\todd\git\dn\deepanotes\defs\lib-base.xml
2020-12-29 11:30:05,140 [86] INFO dlib.tools.log - load xml config doc: \defs\lib-conns.xml - C:\root\todd\git\dn\deepanotes\defs\lib-conns.xml
2020-12-29 11:30:05,141 [86] INFO dlib.tools.log - load xml config doc: \defs\lib-notes.xml - C:\root\todd\git\dn\deepanotes\defs\lib-notes.xml
2020-12-29 11:30:05,142 [86] INFO dlib.tools.log - load xml config doc: \defs\lib-synch.xml - C:\root\todd\git\dn\deepanotes\defs\lib-synch.xml
2020-12-29 11:30:05,143 [86] INFO dlib.tools.log - load xml config doc: \defs\lib-vars.xml - C:\root\todd\git\dn\deepanotes\defs\lib-vars.xml
2020-12-29 11:30:05,144 [86] INFO dlib.tools.log - load xml config doc: \defs\users.xml - C:\root\todd\git\dn\deepanotes\defs\users.xml
2020-12-29 11:30:05,144 [86] INFO dlib.tools.log - load vars doc: \defs\blocks.xml - C:\root\todd\git\dn\deepanotes\defs\blocks.xml
2020-12-29 11:30:05,145 [86] INFO dlib.tools.log - load vars doc: \defs\cmds.xml - C:\root\todd\git\dn\deepanotes\defs\cmds.xml
2020-12-29 11:30:05,146 [86] INFO dlib.tools.log - load vars doc: \defs\lib-base.xml - C:\root\todd\git\dn\deepanotes\defs\lib-base.xml
2020-12-29 11:30:05,146 [86] INFO dlib.tools.log - load vars doc: \defs\lib-conns.xml - C:\root\todd\git\dn\deepanotes\defs\lib-conns.xml
2020-12-29 11:30:05,147 [86] INFO dlib.tools.log - load vars doc: \defs\lib-notes.xml - C:\root\todd\git\dn\deepanotes\defs\lib-notes.xml
2020-12-29 11:30:05,148 [86] INFO dlib.tools.log - load vars doc: \defs\lib-synch.xml - C:\root\todd\git\dn\deepanotes\defs\lib-synch.xml
2020-12-29 11:30:05,149 [86] INFO dlib.tools.log - load vars doc: \defs\lib-vars.xml - C:\root\todd\git\dn\deepanotes\defs\lib-vars.xml
2020-12-29 11:30:05,149 [86] INFO dlib.tools.log - load vars doc: \defs\users.xml - C:\root\todd\git\dn\deepanotes\defs\users.xml
2020-12-29 11:30:05,150 [86] INFO dlib.tools.log - load config doc: \defs\blocks.xml - C:\root\todd\git\dn\deepanotes\defs\blocks.xml
2020-12-29 11:30:05,150 [86] INFO dlib.tools.log - load config doc: \defs\cmds.xml - C:\root\todd\git\dn\deepanotes\defs\cmds.xml
2020-12-29 11:30:05,151 [86] INFO dlib.tools.log - load config doc: \defs\lib-base.xml - C:\root\todd\git\dn\deepanotes\defs\lib-base.xml
2020-12-29 11:30:05,152 [86] INFO dlib.tools.log - load config doc: \defs\lib-conns.xml - C:\root\todd\git\dn\deepanotes\defs\lib-conns.xml
2020-12-29 11:30:05,153 [86] INFO dlib.tools.log - load config doc: \defs\lib-notes.xml - C:\root\todd\git\dn\deepanotes\defs\lib-notes.xml
2020-12-29 11:30:05,153 [86] INFO dlib.tools.log - load config doc: \defs\lib-synch.xml - C:\root\todd\git\dn\deepanotes\defs\lib-synch.xml
2020-12-29 11:30:05,154 [86] INFO dlib.tools.log - load config doc: \defs\lib-vars.xml - C:\root\todd\git\dn\deepanotes\defs\lib-vars.xml
2020-12-29 11:30:05,164 [86] INFO dlib.tools.log - load config doc: \defs\users.xml - C:\root\todd\git\dn\deepanotes\defs\users.xml
2020-12-29 11:30:05,165 [86] DEBUG dlib.tools.log - SQL: open conn 'Data Source=localhost;Initial Catalog=deepanotes;User ID=sa;Password=Molina32!'
2020-12-29 11:30:05,173 [86] DEBUG dlib.tools.log - SQL: select t.task_id, t.synch_folder_id, t.folder_id, t.file_id, t.title, t.dt_upd, t.dt_readed, sf.local_path as synch_local_path
		    , replace(dbo.folder_path(isnull(t.folder_id, f.folder_id)), '/', '\') as folder_path, f.file_id as file_notes_id, f.file_name
       from dn_tasks t
       join synch_folders sf on sf.synch_folder_id = t.synch_folder_id
       left join dn_files f on f.file_id = t.file_id
	   where t.task_id = 11
2020-12-29 11:30:05,177 [86] DEBUG dlib.tools.log - SQL: select replace((select local_path from synch_folders where synch_folder_id = f.synch_folder_id) 
        + isnull(dbo.folder_path(f.folder_id), '\') + f.file_name , '/', '\') as file_path
       from dn_files f where f.file_id = 28
2020-12-29 11:30:05,180 [86] DEBUG dlib.tools.log - SQL: update dn_files set folder_id = 44, synch_folder_id = 1
        where file_id = 28
2020-12-29 11:30:06,790 [14] INFO dlib.tools.log - reload config docs
2020-12-29 11:30:06,791 [14] INFO dlib.tools.log - load xml config doc: \defs\blocks.xml - C:\root\todd\git\dn\deepanotes\defs\blocks.xml
2020-12-29 11:30:06,793 [14] INFO dlib.tools.log - load xml config doc: \defs\cmds.xml - C:\root\todd\git\dn\deepanotes\defs\cmds.xml
2020-12-29 11:30:06,793 [14] INFO dlib.tools.log - load xml config doc: \defs\lib-base.xml - C:\root\todd\git\dn\deepanotes\defs\lib-base.xml
2020-12-29 11:30:06,794 [14] INFO dlib.tools.log - load xml config doc: \defs\lib-conns.xml - C:\root\todd\git\dn\deepanotes\defs\lib-conns.xml
2020-12-29 11:30:06,795 [14] INFO dlib.tools.log - load xml config doc: \defs\lib-notes.xml - C:\root\todd\git\dn\deepanotes\defs\lib-notes.xml
2020-12-29 11:30:06,796 [14] INFO dlib.tools.log - load xml config doc: \defs\lib-synch.xml - C:\root\todd\git\dn\deepanotes\defs\lib-synch.xml
2020-12-29 11:30:06,797 [14] INFO dlib.tools.log - load xml config doc: \defs\lib-vars.xml - C:\root\todd\git\dn\deepanotes\defs\lib-vars.xml
2020-12-29 11:30:06,797 [14] INFO dlib.tools.log - load xml config doc: \defs\users.xml - C:\root\todd\git\dn\deepanotes\defs\users.xml
2020-12-29 11:30:06,798 [14] INFO dlib.tools.log - load vars doc: \defs\blocks.xml - C:\root\todd\git\dn\deepanotes\defs\blocks.xml
2020-12-29 11:30:06,799 [14] INFO dlib.tools.log - load vars doc: \defs\cmds.xml - C:\root\todd\git\dn\deepanotes\defs\cmds.xml
2020-12-29 11:30:06,800 [14] INFO dlib.tools.log - load vars doc: \defs\lib-base.xml - C:\root\todd\git\dn\deepanotes\defs\lib-base.xml
2020-12-29 11:30:06,800 [14] INFO dlib.tools.log - load vars doc: \defs\lib-conns.xml - C:\root\todd\git\dn\deepanotes\defs\lib-conns.xml
2020-12-29 11:30:06,801 [14] INFO dlib.tools.log - load vars doc: \defs\lib-notes.xml - C:\root\todd\git\dn\deepanotes\defs\lib-notes.xml
2020-12-29 11:30:06,802 [14] INFO dlib.tools.log - load vars doc: \defs\lib-synch.xml - C:\root\todd\git\dn\deepanotes\defs\lib-synch.xml
2020-12-29 11:30:06,803 [14] INFO dlib.tools.log - load vars doc: \defs\lib-vars.xml - C:\root\todd\git\dn\deepanotes\defs\lib-vars.xml
2020-12-29 11:30:06,804 [14] INFO dlib.tools.log - load vars doc: \defs\users.xml - C:\root\todd\git\dn\deepanotes\defs\users.xml
2020-12-29 11:30:06,805 [14] INFO dlib.tools.log - load config doc: \defs\blocks.xml - C:\root\todd\git\dn\deepanotes\defs\blocks.xml
2020-12-29 11:30:06,806 [14] INFO dlib.tools.log - load config doc: \defs\cmds.xml - C:\root\todd\git\dn\deepanotes\defs\cmds.xml
2020-12-29 11:30:06,807 [14] INFO dlib.tools.log - load config doc: \defs\lib-base.xml - C:\root\todd\git\dn\deepanotes\defs\lib-base.xml
2020-12-29 11:30:06,807 [14] INFO dlib.tools.log - load config doc: \defs\lib-conns.xml - C:\root\todd\git\dn\deepanotes\defs\lib-conns.xml
2020-12-29 11:30:06,808 [14] INFO dlib.tools.log - load config doc: \defs\lib-notes.xml - C:\root\todd\git\dn\deepanotes\defs\lib-notes.xml
2020-12-29 11:30:06,809 [14] INFO dlib.tools.log - load config doc: \defs\lib-synch.xml - C:\root\todd\git\dn\deepanotes\defs\lib-synch.xml
2020-12-29 11:30:06,809 [14] INFO dlib.tools.log - load config doc: \defs\lib-vars.xml - C:\root\todd\git\dn\deepanotes\defs\lib-vars.xml
2020-12-29 11:30:06,810 [14] INFO dlib.tools.log - load config doc: \defs\users.xml - C:\root\todd\git\dn\deepanotes\defs\users.xml
2020-12-29 11:30:06,811 [14] DEBUG dlib.tools.log - SQL: open conn 'Data Source=localhost;Initial Catalog=deepanotes;User ID=sa;Password=Molina32!'
2020-12-29 11:30:06,819 [14] DEBUG dlib.tools.log - SQL: select task_notes from dn_tasks_notes 
       where task_id = 11
2020-12-29 11:30:06,822 [14] DEBUG dlib.tools.log - SQL: select a.file_id, a.file_name, a.extension, a.http_path
      from vw_task_allegati a
      where a.task_id = 11
2020-12-29 11:30:21,818 [14] INFO dlib.tools.log - reload config docs
2020-12-29 11:30:21,819 [14] INFO dlib.tools.log - load xml config doc: \defs\blocks.xml - C:\root\todd\git\dn\deepanotes\defs\blocks.xml
2020-12-29 11:30:21,820 [14] INFO dlib.tools.log - load xml config doc: \defs\cmds.xml - C:\root\todd\git\dn\deepanotes\defs\cmds.xml
2020-12-29 11:30:21,821 [14] INFO dlib.tools.log - load xml config doc: \defs\lib-base.xml - C:\root\todd\git\dn\deepanotes\defs\lib-base.xml
2020-12-29 11:30:21,822 [14] INFO dlib.tools.log - load xml config doc: \defs\lib-conns.xml - C:\root\todd\git\dn\deepanotes\defs\lib-conns.xml
2020-12-29 11:30:21,823 [14] INFO dlib.tools.log - load xml config doc: \defs\lib-notes.xml - C:\root\todd\git\dn\deepanotes\defs\lib-notes.xml
2020-12-29 11:30:21,824 [14] INFO dlib.tools.log - load xml config doc: \defs\lib-synch.xml - C:\root\todd\git\dn\deepanotes\defs\lib-synch.xml
2020-12-29 11:30:21,825 [14] INFO dlib.tools.log - load xml config doc: \defs\lib-vars.xml - C:\root\todd\git\dn\deepanotes\defs\lib-vars.xml
2020-12-29 11:30:21,826 [14] INFO dlib.tools.log - load xml config doc: \defs\users.xml - C:\root\todd\git\dn\deepanotes\defs\users.xml
2020-12-29 11:30:21,827 [14] INFO dlib.tools.log - load vars doc: \defs\blocks.xml - C:\root\todd\git\dn\deepanotes\defs\blocks.xml
2020-12-29 11:30:21,828 [14] INFO dlib.tools.log - load vars doc: \defs\cmds.xml - C:\root\todd\git\dn\deepanotes\defs\cmds.xml
2020-12-29 11:30:21,828 [14] INFO dlib.tools.log - load vars doc: \defs\lib-base.xml - C:\root\todd\git\dn\deepanotes\defs\lib-base.xml
2020-12-29 11:30:21,829 [14] INFO dlib.tools.log - load vars doc: \defs\lib-conns.xml - C:\root\todd\git\dn\deepanotes\defs\lib-conns.xml
2020-12-29 11:30:21,829 [14] INFO dlib.tools.log - load vars doc: \defs\lib-notes.xml - C:\root\todd\git\dn\deepanotes\defs\lib-notes.xml
2020-12-29 11:30:21,830 [14] INFO dlib.tools.log - load vars doc: \defs\lib-synch.xml - C:\root\todd\git\dn\deepanotes\defs\lib-synch.xml
2020-12-29 11:30:21,831 [14] INFO dlib.tools.log - load vars doc: \defs\lib-vars.xml - C:\root\todd\git\dn\deepanotes\defs\lib-vars.xml
2020-12-29 11:30:21,832 [14] INFO dlib.tools.log - load vars doc: \defs\users.xml - C:\root\todd\git\dn\deepanotes\defs\users.xml
2020-12-29 11:30:21,832 [14] INFO dlib.tools.log - load config doc: \defs\blocks.xml - C:\root\todd\git\dn\deepanotes\defs\blocks.xml
2020-12-29 11:30:21,833 [14] INFO dlib.tools.log - load config doc: \defs\cmds.xml - C:\root\todd\git\dn\deepanotes\defs\cmds.xml
2020-12-29 11:30:21,834 [14] INFO dlib.tools.log - load config doc: \defs\lib-base.xml - C:\root\todd\git\dn\deepanotes\defs\lib-base.xml
2020-12-29 11:30:21,834 [14] INFO dlib.tools.log - load config doc: \defs\lib-conns.xml - C:\root\todd\git\dn\deepanotes\defs\lib-conns.xml
2020-12-29 11:30:21,835 [14] INFO dlib.tools.log - load config doc: \defs\lib-notes.xml - C:\root\todd\git\dn\deepanotes\defs\lib-notes.xml
2020-12-29 11:30:21,836 [14] INFO dlib.tools.log - load config doc: \defs\lib-synch.xml - C:\root\todd\git\dn\deepanotes\defs\lib-synch.xml
2020-12-29 11:30:21,837 [14] INFO dlib.tools.log - load config doc: \defs\lib-vars.xml - C:\root\todd\git\dn\deepanotes\defs\lib-vars.xml
2020-12-29 11:30:21,838 [14] INFO dlib.tools.log - load config doc: \defs\users.xml - C:\root\todd\git\dn\deepanotes\defs\users.xml
2020-12-29 11:30:21,839 [14] DEBUG dlib.tools.log - SQL: open conn 'Data Source=localhost;Initial Catalog=deepanotes;User ID=sa;Password=Molina32!'
2020-12-29 11:30:21,847 [14] DEBUG dlib.tools.log - SQL: select task_filter_id, filter_title, filter_notes, filter_def, filter_class
 from dn_tasks_filters order by filter_order
2020-12-29 11:30:21,849 [14] DEBUG dlib.tools.log - SQL: select var_name, var_value 
          from users_cache where [user_id] = 0 and var_name in ('active-task-filter')
2020-12-29 11:30:21,850 [14] DEBUG dlib.tools.log - SQL: select ft.tp, ft.synch_folder_id, ft.folder_id, ft.parent_id, ft.title
       , ft.des, ft.http_path, ft.lvl, dbo.folder_path(ft.folder_id) as folder_path
       , (select top 1 1 from dn_tasks where folder_id = ft.folder_id) as is_task
      from dbo.fnc_dn_folders(null, null) ft
      order by ft.synch_folder_id, ft.lvl, ft.title
2020-12-29 11:30:21,865 [14] DEBUG dlib.tools.log - SQL: select f.synch_folder_id, f.file_id, f.folder_id, f.file_name, f.dt_ins
       from dn_files f
       where exists (select top 1 1 from dbo.fnc_dn_folders(null, null) ft 
	      where ft.synch_folder_id = f.synch_folder_id 
          and isnull(ft.folder_id, 0) = isnull(f.folder_id, 0))
2020-12-29 11:30:21,874 [14] DEBUG dlib.tools.log - SQL: select t3.*
      , tst.stato, tst.[order] as stato_order, isnull(tst.class, 'light') as stato_class, isnull(tst.title_plurale, '') as stato_title_plurale, isnull(tst.title_singolare, '') as stato_title_singolare
      , tp.priorita, tp.[order] as priorita_order, isnull(tp.class, 'light') as priorita_class, isnull(tp.title_plurale, '') as priorita_title_plurale, isnull(tp.title_singolare, '') as priorita_title_singolare
      , tt.tipo, tt.[order] as tipo_order, isnull(tt.class, 'light') as tipo_class, isnull(tt.title_plurale, '') as tipo_title_plurale, isnull(tt.title_singolare, '') as tipo_title_singolare
      , ts.stima, ts.[days] as stima_days, isnull(ts.class, 'light') as stima_class, isnull(ts.title_plurale, '') as stima_title_plurale, isnull(ts.title_singolare, '') as stima_title_singolare
      , (select top 1 1 from dn_tasks_notes where task_id = t3.task_id) as task_notes
      , (select top 1 1 from vw_task_allegati f2 where f2.folder_id = t3.folder_id and t3.file_id is null) as task_files
  from (select t2.*, datediff(day, t2.dt_ref, getdate()) as diff_days
    from (select t.task_id, t.synch_folder_id, isnull(t.folder_id, f.folder_id) as folder_id
	   , t.file_id, t.title, t.[user], t.stato, t.priorita, t.tipo, t.stima, t.dt_ins, t.dt_upd
     , (case when t.dt_ins > t.dt_upd then t.dt_ins else t.dt_upd end) as dt_ref
	  from dn_tasks t
	  left join dn_files f on f.file_id = t.file_id
    where (null is null or (null is not null and t.task_id = null)) ) t2
    where exists (select top 1 1 from dbo.fnc_dn_folders(null, null) ft 
	    where  ft.synch_folder_id = t2.synch_folder_id 
       and isnull(ft.folder_id, 0) = isnull(t2.folder_id, 0))) t3
   left join dn_task_stato tst on tst.stato = t3.stato
   left join dn_task_priorita tp on tp.priorita = t3.priorita
   left join dn_task_tipo tt on tt.tipo = t3.tipo
   left join dn_task_stima ts on ts.stima = t3.stima
   where 1 = 1 
2020-12-29 11:30:21,900 [14] DEBUG dlib.tools.log - SQL: select title_singolare, stato from dn_task_stato order by [order]
2020-12-29 11:30:21,910 [14] DEBUG dlib.tools.log - SQL: select t.title, t.[value]
      from (select '' as title, '' as [value], -1 as [order]
       union select title_singolare as title, priorita as [value], [order] from dn_task_priorita
      ) t order by t.[order]
2020-12-29 11:30:21,913 [14] DEBUG dlib.tools.log - SQL: select t.title, t.[value]
      from (select '' as title, '' as [value], -1 as [days]
       union select title_singolare as title, stima as [value], [days] from dn_task_stima 
       ) t order by t.[days]
2020-12-29 11:30:21,915 [14] DEBUG dlib.tools.log - SQL: select t.title, t.[value]
      from (select '' as title, '' as [value], -1 as [order]
       union select title_singolare as title, tipo as [value], [order] from dn_task_tipo
       ) t order by t.[order]
2020-12-29 11:30:21,917 [14] DEBUG dlib.tools.log - SQL: select t.title, t.[value]
      from (select '' as title, '' as [value]
       union select nome as title, nome as [value] from users
       ) t order by 2
2020-12-29 11:30:23,659 [80] INFO dlib.tools.log - reload config docs
2020-12-29 11:30:23,660 [80] INFO dlib.tools.log - load xml config doc: \defs\blocks.xml - C:\root\todd\git\dn\deepanotes\defs\blocks.xml
2020-12-29 11:30:23,661 [80] INFO dlib.tools.log - load xml config doc: \defs\cmds.xml - C:\root\todd\git\dn\deepanotes\defs\cmds.xml
2020-12-29 11:30:23,662 [80] INFO dlib.tools.log - load xml config doc: \defs\lib-base.xml - C:\root\todd\git\dn\deepanotes\defs\lib-base.xml
2020-12-29 11:30:23,663 [80] INFO dlib.tools.log - load xml config doc: \defs\lib-conns.xml - C:\root\todd\git\dn\deepanotes\defs\lib-conns.xml
2020-12-29 11:30:23,664 [80] INFO dlib.tools.log - load xml config doc: \defs\lib-notes.xml - C:\root\todd\git\dn\deepanotes\defs\lib-notes.xml
2020-12-29 11:30:23,664 [80] INFO dlib.tools.log - load xml config doc: \defs\lib-synch.xml - C:\root\todd\git\dn\deepanotes\defs\lib-synch.xml
2020-12-29 11:30:23,665 [80] INFO dlib.tools.log - load xml config doc: \defs\lib-vars.xml - C:\root\todd\git\dn\deepanotes\defs\lib-vars.xml
2020-12-29 11:30:23,665 [80] INFO dlib.tools.log - load xml config doc: \defs\users.xml - C:\root\todd\git\dn\deepanotes\defs\users.xml
2020-12-29 11:30:23,666 [80] INFO dlib.tools.log - load vars doc: \defs\blocks.xml - C:\root\todd\git\dn\deepanotes\defs\blocks.xml
2020-12-29 11:30:23,667 [80] INFO dlib.tools.log - load vars doc: \defs\cmds.xml - C:\root\todd\git\dn\deepanotes\defs\cmds.xml
2020-12-29 11:30:23,668 [80] INFO dlib.tools.log - load vars doc: \defs\lib-base.xml - C:\root\todd\git\dn\deepanotes\defs\lib-base.xml
2020-12-29 11:30:23,668 [80] INFO dlib.tools.log - load vars doc: \defs\lib-conns.xml - C:\root\todd\git\dn\deepanotes\defs\lib-conns.xml
2020-12-29 11:30:23,669 [80] INFO dlib.tools.log - load vars doc: \defs\lib-notes.xml - C:\root\todd\git\dn\deepanotes\defs\lib-notes.xml
2020-12-29 11:30:23,670 [80] INFO dlib.tools.log - load vars doc: \defs\lib-synch.xml - C:\root\todd\git\dn\deepanotes\defs\lib-synch.xml
2020-12-29 11:30:23,670 [80] INFO dlib.tools.log - load vars doc: \defs\lib-vars.xml - C:\root\todd\git\dn\deepanotes\defs\lib-vars.xml
2020-12-29 11:30:23,671 [80] INFO dlib.tools.log - load vars doc: \defs\users.xml - C:\root\todd\git\dn\deepanotes\defs\users.xml
2020-12-29 11:30:23,672 [80] INFO dlib.tools.log - load config doc: \defs\blocks.xml - C:\root\todd\git\dn\deepanotes\defs\blocks.xml
2020-12-29 11:30:23,672 [80] INFO dlib.tools.log - load config doc: \defs\cmds.xml - C:\root\todd\git\dn\deepanotes\defs\cmds.xml
2020-12-29 11:30:23,673 [80] INFO dlib.tools.log - load config doc: \defs\lib-base.xml - C:\root\todd\git\dn\deepanotes\defs\lib-base.xml
2020-12-29 11:30:23,674 [80] INFO dlib.tools.log - load config doc: \defs\lib-conns.xml - C:\root\todd\git\dn\deepanotes\defs\lib-conns.xml
2020-12-29 11:30:23,674 [80] INFO dlib.tools.log - load config doc: \defs\lib-notes.xml - C:\root\todd\git\dn\deepanotes\defs\lib-notes.xml
2020-12-29 11:30:23,675 [80] INFO dlib.tools.log - load config doc: \defs\lib-synch.xml - C:\root\todd\git\dn\deepanotes\defs\lib-synch.xml
2020-12-29 11:30:23,675 [80] INFO dlib.tools.log - load config doc: \defs\lib-vars.xml - C:\root\todd\git\dn\deepanotes\defs\lib-vars.xml
2020-12-29 11:30:23,676 [80] INFO dlib.tools.log - load config doc: \defs\users.xml - C:\root\todd\git\dn\deepanotes\defs\users.xml
2020-12-29 11:30:23,676 [80] DEBUG dlib.tools.log - SQL: open conn 'Data Source=localhost;Initial Catalog=deepanotes;User ID=sa;Password=Molina32!'
2020-12-29 11:30:23,686 [80] DEBUG dlib.tools.log - SQL: select task_notes from dn_tasks_notes 
       where task_id = 11
2020-12-29 11:30:23,688 [80] DEBUG dlib.tools.log - SQL: select a.file_id, a.file_name, a.extension, a.http_path
      from vw_task_allegati a
      where a.task_id = 11
2020-12-29 11:30:29,860 [84] INFO dlib.tools.log - reload config docs
2020-12-29 11:30:29,861 [84] INFO dlib.tools.log - load xml config doc: \defs\blocks.xml - C:\root\todd\git\dn\deepanotes\defs\blocks.xml
2020-12-29 11:30:29,862 [84] INFO dlib.tools.log - load xml config doc: \defs\cmds.xml - C:\root\todd\git\dn\deepanotes\defs\cmds.xml
2020-12-29 11:30:29,863 [84] INFO dlib.tools.log - load xml config doc: \defs\lib-base.xml - C:\root\todd\git\dn\deepanotes\defs\lib-base.xml
2020-12-29 11:30:29,864 [84] INFO dlib.tools.log - load xml config doc: \defs\lib-conns.xml - C:\root\todd\git\dn\deepanotes\defs\lib-conns.xml
2020-12-29 11:30:29,865 [84] INFO dlib.tools.log - load xml config doc: \defs\lib-notes.xml - C:\root\todd\git\dn\deepanotes\defs\lib-notes.xml
2020-12-29 11:30:29,866 [84] INFO dlib.tools.log - load xml config doc: \defs\lib-synch.xml - C:\root\todd\git\dn\deepanotes\defs\lib-synch.xml
2020-12-29 11:30:29,866 [84] INFO dlib.tools.log - load xml config doc: \defs\lib-vars.xml - C:\root\todd\git\dn\deepanotes\defs\lib-vars.xml
2020-12-29 11:30:29,867 [84] INFO dlib.tools.log - load xml config doc: \defs\users.xml - C:\root\todd\git\dn\deepanotes\defs\users.xml
2020-12-29 11:30:29,868 [84] INFO dlib.tools.log - load vars doc: \defs\blocks.xml - C:\root\todd\git\dn\deepanotes\defs\blocks.xml
2020-12-29 11:30:29,869 [84] INFO dlib.tools.log - load vars doc: \defs\cmds.xml - C:\root\todd\git\dn\deepanotes\defs\cmds.xml
2020-12-29 11:30:29,869 [84] INFO dlib.tools.log - load vars doc: \defs\lib-base.xml - C:\root\todd\git\dn\deepanotes\defs\lib-base.xml
2020-12-29 11:30:29,870 [84] INFO dlib.tools.log - load vars doc: \defs\lib-conns.xml - C:\root\todd\git\dn\deepanotes\defs\lib-conns.xml
2020-12-29 11:30:29,871 [84] INFO dlib.tools.log - load vars doc: \defs\lib-notes.xml - C:\root\todd\git\dn\deepanotes\defs\lib-notes.xml
2020-12-29 11:30:29,872 [84] INFO dlib.tools.log - load vars doc: \defs\lib-synch.xml - C:\root\todd\git\dn\deepanotes\defs\lib-synch.xml
2020-12-29 11:30:29,872 [84] INFO dlib.tools.log - load vars doc: \defs\lib-vars.xml - C:\root\todd\git\dn\deepanotes\defs\lib-vars.xml
2020-12-29 11:30:29,873 [84] INFO dlib.tools.log - load vars doc: \defs\users.xml - C:\root\todd\git\dn\deepanotes\defs\users.xml
2020-12-29 11:30:29,874 [84] INFO dlib.tools.log - load config doc: \defs\blocks.xml - C:\root\todd\git\dn\deepanotes\defs\blocks.xml
2020-12-29 11:30:29,874 [84] INFO dlib.tools.log - load config doc: \defs\cmds.xml - C:\root\todd\git\dn\deepanotes\defs\cmds.xml
2020-12-29 11:30:29,875 [84] INFO dlib.tools.log - load config doc: \defs\lib-base.xml - C:\root\todd\git\dn\deepanotes\defs\lib-base.xml
2020-12-29 11:30:29,875 [84] INFO dlib.tools.log - load config doc: \defs\lib-conns.xml - C:\root\todd\git\dn\deepanotes\defs\lib-conns.xml
2020-12-29 11:30:29,876 [84] INFO dlib.tools.log - load config doc: \defs\lib-notes.xml - C:\root\todd\git\dn\deepanotes\defs\lib-notes.xml
2020-12-29 11:30:29,877 [84] INFO dlib.tools.log - load config doc: \defs\lib-synch.xml - C:\root\todd\git\dn\deepanotes\defs\lib-synch.xml
2020-12-29 11:30:29,877 [84] INFO dlib.tools.log - load config doc: \defs\lib-vars.xml - C:\root\todd\git\dn\deepanotes\defs\lib-vars.xml
2020-12-29 11:30:29,878 [84] INFO dlib.tools.log - load config doc: \defs\users.xml - C:\root\todd\git\dn\deepanotes\defs\users.xml
2020-12-29 11:30:29,878 [84] DEBUG dlib.tools.log - SQL: open conn 'Data Source=localhost;Initial Catalog=deepanotes;User ID=sa;Password=Molina32!'
2020-12-29 11:30:34,100 [67] INFO dlib.tools.log - reload config docs
2020-12-29 11:30:34,101 [67] INFO dlib.tools.log - load xml config doc: \defs\blocks.xml - C:\root\todd\git\dn\deepanotes\defs\blocks.xml
2020-12-29 11:30:34,101 [67] INFO dlib.tools.log - load xml config doc: \defs\cmds.xml - C:\root\todd\git\dn\deepanotes\defs\cmds.xml
2020-12-29 11:30:34,102 [67] INFO dlib.tools.log - load xml config doc: \defs\lib-base.xml - C:\root\todd\git\dn\deepanotes\defs\lib-base.xml
2020-12-29 11:30:34,103 [67] INFO dlib.tools.log - load xml config doc: \defs\lib-conns.xml - C:\root\todd\git\dn\deepanotes\defs\lib-conns.xml
2020-12-29 11:30:34,103 [67] INFO dlib.tools.log - load xml config doc: \defs\lib-notes.xml - C:\root\todd\git\dn\deepanotes\defs\lib-notes.xml
2020-12-29 11:30:34,104 [67] INFO dlib.tools.log - load xml config doc: \defs\lib-synch.xml - C:\root\todd\git\dn\deepanotes\defs\lib-synch.xml
2020-12-29 11:30:34,104 [67] INFO dlib.tools.log - load xml config doc: \defs\lib-vars.xml - C:\root\todd\git\dn\deepanotes\defs\lib-vars.xml
2020-12-29 11:30:34,105 [67] INFO dlib.tools.log - load xml config doc: \defs\users.xml - C:\root\todd\git\dn\deepanotes\defs\users.xml
2020-12-29 11:30:34,105 [67] INFO dlib.tools.log - load vars doc: \defs\blocks.xml - C:\root\todd\git\dn\deepanotes\defs\blocks.xml
2020-12-29 11:30:34,105 [67] INFO dlib.tools.log - load vars doc: \defs\cmds.xml - C:\root\todd\git\dn\deepanotes\defs\cmds.xml
2020-12-29 11:30:34,106 [67] INFO dlib.tools.log - load vars doc: \defs\lib-base.xml - C:\root\todd\git\dn\deepanotes\defs\lib-base.xml
2020-12-29 11:30:34,106 [67] INFO dlib.tools.log - load vars doc: \defs\lib-conns.xml - C:\root\todd\git\dn\deepanotes\defs\lib-conns.xml
2020-12-29 11:30:34,107 [67] INFO dlib.tools.log - load vars doc: \defs\lib-notes.xml - C:\root\todd\git\dn\deepanotes\defs\lib-notes.xml
2020-12-29 11:30:34,107 [67] INFO dlib.tools.log - load vars doc: \defs\lib-synch.xml - C:\root\todd\git\dn\deepanotes\defs\lib-synch.xml
2020-12-29 11:30:34,108 [67] INFO dlib.tools.log - load vars doc: \defs\lib-vars.xml - C:\root\todd\git\dn\deepanotes\defs\lib-vars.xml
2020-12-29 11:30:34,108 [67] INFO dlib.tools.log - load vars doc: \defs\users.xml - C:\root\todd\git\dn\deepanotes\defs\users.xml
2020-12-29 11:30:34,109 [67] INFO dlib.tools.log - load config doc: \defs\blocks.xml - C:\root\todd\git\dn\deepanotes\defs\blocks.xml
2020-12-29 11:30:34,109 [67] INFO dlib.tools.log - load config doc: \defs\cmds.xml - C:\root\todd\git\dn\deepanotes\defs\cmds.xml
2020-12-29 11:30:34,110 [67] INFO dlib.tools.log - load config doc: \defs\lib-base.xml - C:\root\todd\git\dn\deepanotes\defs\lib-base.xml
2020-12-29 11:30:34,110 [67] INFO dlib.tools.log - load config doc: \defs\lib-conns.xml - C:\root\todd\git\dn\deepanotes\defs\lib-conns.xml
2020-12-29 11:30:34,111 [67] INFO dlib.tools.log - load config doc: \defs\lib-notes.xml - C:\root\todd\git\dn\deepanotes\defs\lib-notes.xml
2020-12-29 11:30:34,111 [67] INFO dlib.tools.log - load config doc: \defs\lib-synch.xml - C:\root\todd\git\dn\deepanotes\defs\lib-synch.xml
2020-12-29 11:30:34,112 [67] INFO dlib.tools.log - load config doc: \defs\lib-vars.xml - C:\root\todd\git\dn\deepanotes\defs\lib-vars.xml
2020-12-29 11:30:34,112 [67] INFO dlib.tools.log - load config doc: \defs\users.xml - C:\root\todd\git\dn\deepanotes\defs\users.xml
2020-12-29 11:30:34,113 [67] DEBUG dlib.tools.log - SQL: open conn 'Data Source=localhost;Initial Catalog=deepanotes;User ID=sa;Password=Molina32!'
2020-12-29 11:30:34,122 [67] DEBUG dlib.tools.log - SQL: select t.task_id, t.synch_folder_id, t.folder_id, t.file_id, t.title, t.dt_upd, t.dt_readed, sf.local_path as synch_local_path
		    , replace(dbo.folder_path(isnull(t.folder_id, f.folder_id)), '/', '\') as folder_path, f.file_id as file_notes_id, f.file_name
       from dn_tasks t
       join synch_folders sf on sf.synch_folder_id = t.synch_folder_id
       left join dn_files f on f.file_id = t.file_id
	   where t.task_id = 1
2020-12-29 11:30:34,125 [67] DEBUG dlib.tools.log - SQL: select replace((select local_path from synch_folders where synch_folder_id = f.synch_folder_id) 
        + isnull(dbo.folder_path(f.folder_id), '\') + f.file_name , '/', '\') as file_path
       from dn_files f where f.file_id = 28
2020-12-29 11:30:34,128 [67] DEBUG dlib.tools.log - SQL: update dn_files set folder_id = 1, synch_folder_id = 1
        where file_id = 28
2020-12-29 11:30:35,487 [84] INFO dlib.tools.log - reload config docs
2020-12-29 11:30:35,488 [84] INFO dlib.tools.log - load xml config doc: \defs\blocks.xml - C:\root\todd\git\dn\deepanotes\defs\blocks.xml
2020-12-29 11:30:35,489 [84] INFO dlib.tools.log - load xml config doc: \defs\cmds.xml - C:\root\todd\git\dn\deepanotes\defs\cmds.xml
2020-12-29 11:30:35,490 [84] INFO dlib.tools.log - load xml config doc: \defs\lib-base.xml - C:\root\todd\git\dn\deepanotes\defs\lib-base.xml
2020-12-29 11:30:35,490 [84] INFO dlib.tools.log - load xml config doc: \defs\lib-conns.xml - C:\root\todd\git\dn\deepanotes\defs\lib-conns.xml
2020-12-29 11:30:35,491 [84] INFO dlib.tools.log - load xml config doc: \defs\lib-notes.xml - C:\root\todd\git\dn\deepanotes\defs\lib-notes.xml
2020-12-29 11:30:35,492 [84] INFO dlib.tools.log - load xml config doc: \defs\lib-synch.xml - C:\root\todd\git\dn\deepanotes\defs\lib-synch.xml
2020-12-29 11:30:35,493 [84] INFO dlib.tools.log - load xml config doc: \defs\lib-vars.xml - C:\root\todd\git\dn\deepanotes\defs\lib-vars.xml
2020-12-29 11:30:35,494 [84] INFO dlib.tools.log - load xml config doc: \defs\users.xml - C:\root\todd\git\dn\deepanotes\defs\users.xml
2020-12-29 11:30:35,495 [84] INFO dlib.tools.log - load vars doc: \defs\blocks.xml - C:\root\todd\git\dn\deepanotes\defs\blocks.xml
2020-12-29 11:30:35,496 [84] INFO dlib.tools.log - load vars doc: \defs\cmds.xml - C:\root\todd\git\dn\deepanotes\defs\cmds.xml
2020-12-29 11:30:35,497 [84] INFO dlib.tools.log - load vars doc: \defs\lib-base.xml - C:\root\todd\git\dn\deepanotes\defs\lib-base.xml
2020-12-29 11:30:35,497 [84] INFO dlib.tools.log - load vars doc: \defs\lib-conns.xml - C:\root\todd\git\dn\deepanotes\defs\lib-conns.xml
2020-12-29 11:30:35,498 [84] INFO dlib.tools.log - load vars doc: \defs\lib-notes.xml - C:\root\todd\git\dn\deepanotes\defs\lib-notes.xml
2020-12-29 11:30:35,498 [84] INFO dlib.tools.log - load vars doc: \defs\lib-synch.xml - C:\root\todd\git\dn\deepanotes\defs\lib-synch.xml
2020-12-29 11:30:35,499 [84] INFO dlib.tools.log - load vars doc: \defs\lib-vars.xml - C:\root\todd\git\dn\deepanotes\defs\lib-vars.xml
2020-12-29 11:30:35,500 [84] INFO dlib.tools.log - load vars doc: \defs\users.xml - C:\root\todd\git\dn\deepanotes\defs\users.xml
2020-12-29 11:30:35,501 [84] INFO dlib.tools.log - load config doc: \defs\blocks.xml - C:\root\todd\git\dn\deepanotes\defs\blocks.xml
2020-12-29 11:30:35,502 [84] INFO dlib.tools.log - load config doc: \defs\cmds.xml - C:\root\todd\git\dn\deepanotes\defs\cmds.xml
2020-12-29 11:30:35,502 [84] INFO dlib.tools.log - load config doc: \defs\lib-base.xml - C:\root\todd\git\dn\deepanotes\defs\lib-base.xml
2020-12-29 11:30:35,503 [84] INFO dlib.tools.log - load config doc: \defs\lib-conns.xml - C:\root\todd\git\dn\deepanotes\defs\lib-conns.xml
2020-12-29 11:30:35,503 [84] INFO dlib.tools.log - load config doc: \defs\lib-notes.xml - C:\root\todd\git\dn\deepanotes\defs\lib-notes.xml
2020-12-29 11:30:35,504 [84] INFO dlib.tools.log - load config doc: \defs\lib-synch.xml - C:\root\todd\git\dn\deepanotes\defs\lib-synch.xml
2020-12-29 11:30:35,504 [84] INFO dlib.tools.log - load config doc: \defs\lib-vars.xml - C:\root\todd\git\dn\deepanotes\defs\lib-vars.xml
2020-12-29 11:30:35,505 [84] INFO dlib.tools.log - load config doc: \defs\users.xml - C:\root\todd\git\dn\deepanotes\defs\users.xml
2020-12-29 11:30:35,506 [84] DEBUG dlib.tools.log - SQL: open conn 'Data Source=localhost;Initial Catalog=deepanotes;User ID=sa;Password=Molina32!'
2020-12-29 11:30:35,515 [84] DEBUG dlib.tools.log - SQL: select task_notes from dn_tasks_notes 
       where task_id = 1
2020-12-29 11:30:35,517 [84] DEBUG dlib.tools.log - SQL: select a.file_id, a.file_name, a.extension, a.http_path
      from vw_task_allegati a
      where a.task_id = 1
2020-12-29 11:31:06,682 [75] INFO dlib.tools.log - reload config docs
2020-12-29 11:31:06,683 [75] INFO dlib.tools.log - load xml config doc: \defs\blocks.xml - C:\root\todd\git\dn\deepanotes\defs\blocks.xml
2020-12-29 11:31:06,684 [75] INFO dlib.tools.log - load xml config doc: \defs\cmds.xml - C:\root\todd\git\dn\deepanotes\defs\cmds.xml
2020-12-29 11:31:06,685 [75] INFO dlib.tools.log - load xml config doc: \defs\lib-base.xml - C:\root\todd\git\dn\deepanotes\defs\lib-base.xml
2020-12-29 11:31:06,685 [75] INFO dlib.tools.log - load xml config doc: \defs\lib-conns.xml - C:\root\todd\git\dn\deepanotes\defs\lib-conns.xml
2020-12-29 11:31:06,686 [75] INFO dlib.tools.log - load xml config doc: \defs\lib-notes.xml - C:\root\todd\git\dn\deepanotes\defs\lib-notes.xml
2020-12-29 11:31:06,687 [75] INFO dlib.tools.log - load xml config doc: \defs\lib-synch.xml - C:\root\todd\git\dn\deepanotes\defs\lib-synch.xml
2020-12-29 11:31:06,688 [75] INFO dlib.tools.log - load xml config doc: \defs\lib-vars.xml - C:\root\todd\git\dn\deepanotes\defs\lib-vars.xml
2020-12-29 11:31:06,689 [75] INFO dlib.tools.log - load xml config doc: \defs\users.xml - C:\root\todd\git\dn\deepanotes\defs\users.xml
2020-12-29 11:31:06,690 [75] INFO dlib.tools.log - load vars doc: \defs\blocks.xml - C:\root\todd\git\dn\deepanotes\defs\blocks.xml
2020-12-29 11:31:06,690 [75] INFO dlib.tools.log - load vars doc: \defs\cmds.xml - C:\root\todd\git\dn\deepanotes\defs\cmds.xml
2020-12-29 11:31:06,692 [75] INFO dlib.tools.log - load vars doc: \defs\lib-base.xml - C:\root\todd\git\dn\deepanotes\defs\lib-base.xml
2020-12-29 11:31:06,693 [75] INFO dlib.tools.log - load vars doc: \defs\lib-conns.xml - C:\root\todd\git\dn\deepanotes\defs\lib-conns.xml
2020-12-29 11:31:06,694 [75] INFO dlib.tools.log - load vars doc: \defs\lib-notes.xml - C:\root\todd\git\dn\deepanotes\defs\lib-notes.xml
2020-12-29 11:31:06,695 [75] INFO dlib.tools.log - load vars doc: \defs\lib-synch.xml - C:\root\todd\git\dn\deepanotes\defs\lib-synch.xml
2020-12-29 11:31:06,695 [75] INFO dlib.tools.log - load vars doc: \defs\lib-vars.xml - C:\root\todd\git\dn\deepanotes\defs\lib-vars.xml
2020-12-29 11:31:06,696 [75] INFO dlib.tools.log - load vars doc: \defs\users.xml - C:\root\todd\git\dn\deepanotes\defs\users.xml
2020-12-29 11:31:06,696 [75] INFO dlib.tools.log - load config doc: \defs\blocks.xml - C:\root\todd\git\dn\deepanotes\defs\blocks.xml
2020-12-29 11:31:06,697 [75] INFO dlib.tools.log - load config doc: \defs\cmds.xml - C:\root\todd\git\dn\deepanotes\defs\cmds.xml
2020-12-29 11:31:06,698 [75] INFO dlib.tools.log - load config doc: \defs\lib-base.xml - C:\root\todd\git\dn\deepanotes\defs\lib-base.xml
2020-12-29 11:31:06,698 [75] INFO dlib.tools.log - load config doc: \defs\lib-conns.xml - C:\root\todd\git\dn\deepanotes\defs\lib-conns.xml
2020-12-29 11:31:06,699 [75] INFO dlib.tools.log - load config doc: \defs\lib-notes.xml - C:\root\todd\git\dn\deepanotes\defs\lib-notes.xml
2020-12-29 11:31:06,700 [75] INFO dlib.tools.log - load config doc: \defs\lib-synch.xml - C:\root\todd\git\dn\deepanotes\defs\lib-synch.xml
2020-12-29 11:31:06,700 [75] INFO dlib.tools.log - load config doc: \defs\lib-vars.xml - C:\root\todd\git\dn\deepanotes\defs\lib-vars.xml
2020-12-29 11:31:06,701 [75] INFO dlib.tools.log - load config doc: \defs\users.xml - C:\root\todd\git\dn\deepanotes\defs\users.xml
2020-12-29 11:31:06,701 [75] DEBUG dlib.tools.log - SQL: open conn 'Data Source=localhost;Initial Catalog=deepanotes;User ID=sa;Password=Molina32!'
2020-12-29 11:31:06,719 [75] DEBUG dlib.tools.log - SQL: select task_filter_id, filter_title, filter_notes, filter_def, filter_class
 from dn_tasks_filters order by filter_order
2020-12-29 11:31:06,721 [75] DEBUG dlib.tools.log - SQL: select var_name, var_value 
          from users_cache where [user_id] = 0 and var_name in ('active-task-filter')
2020-12-29 11:31:06,722 [75] DEBUG dlib.tools.log - SQL: select ft.tp, ft.synch_folder_id, ft.folder_id, ft.parent_id, ft.title
       , ft.des, ft.http_path, ft.lvl, dbo.folder_path(ft.folder_id) as folder_path
       , (select top 1 1 from dn_tasks where folder_id = ft.folder_id) as is_task
      from dbo.fnc_dn_folders(null, null) ft
      order by ft.synch_folder_id, ft.lvl, ft.title
2020-12-29 11:31:06,728 [75] DEBUG dlib.tools.log - SQL: select f.synch_folder_id, f.file_id, f.folder_id, f.file_name, f.dt_ins
       from dn_files f
       where exists (select top 1 1 from dbo.fnc_dn_folders(null, null) ft 
	      where ft.synch_folder_id = f.synch_folder_id 
          and isnull(ft.folder_id, 0) = isnull(f.folder_id, 0))
2020-12-29 11:31:06,731 [75] DEBUG dlib.tools.log - SQL: select t3.*
      , tst.stato, tst.[order] as stato_order, isnull(tst.class, 'light') as stato_class, isnull(tst.title_plurale, '') as stato_title_plurale, isnull(tst.title_singolare, '') as stato_title_singolare
      , tp.priorita, tp.[order] as priorita_order, isnull(tp.class, 'light') as priorita_class, isnull(tp.title_plurale, '') as priorita_title_plurale, isnull(tp.title_singolare, '') as priorita_title_singolare
      , tt.tipo, tt.[order] as tipo_order, isnull(tt.class, 'light') as tipo_class, isnull(tt.title_plurale, '') as tipo_title_plurale, isnull(tt.title_singolare, '') as tipo_title_singolare
      , ts.stima, ts.[days] as stima_days, isnull(ts.class, 'light') as stima_class, isnull(ts.title_plurale, '') as stima_title_plurale, isnull(ts.title_singolare, '') as stima_title_singolare
      , (select top 1 1 from dn_tasks_notes where task_id = t3.task_id) as task_notes
      , (select top 1 1 from vw_task_allegati f2 where f2.folder_id = t3.folder_id and t3.file_id is null) as task_files
  from (select t2.*, datediff(day, t2.dt_ref, getdate()) as diff_days
    from (select t.task_id, t.synch_folder_id, isnull(t.folder_id, f.folder_id) as folder_id
	   , t.file_id, t.title, t.[user], t.stato, t.priorita, t.tipo, t.stima, t.dt_ins, t.dt_upd
     , (case when t.dt_ins > t.dt_upd then t.dt_ins else t.dt_upd end) as dt_ref
	  from dn_tasks t
	  left join dn_files f on f.file_id = t.file_id
    where (null is null or (null is not null and t.task_id = null)) ) t2
    where exists (select top 1 1 from dbo.fnc_dn_folders(null, null) ft 
	    where  ft.synch_folder_id = t2.synch_folder_id 
       and isnull(ft.folder_id, 0) = isnull(t2.folder_id, 0))) t3
   left join dn_task_stato tst on tst.stato = t3.stato
   left join dn_task_priorita tp on tp.priorita = t3.priorita
   left join dn_task_tipo tt on tt.tipo = t3.tipo
   left join dn_task_stima ts on ts.stima = t3.stima
   where 1 = 1 
2020-12-29 11:31:06,742 [75] DEBUG dlib.tools.log - SQL: select title_singolare, stato from dn_task_stato order by [order]
2020-12-29 11:31:06,762 [75] DEBUG dlib.tools.log - SQL: select t.title, t.[value]
      from (select '' as title, '' as [value], -1 as [order]
       union select title_singolare as title, priorita as [value], [order] from dn_task_priorita
      ) t order by t.[order]
2020-12-29 11:31:06,764 [75] DEBUG dlib.tools.log - SQL: select t.title, t.[value]
      from (select '' as title, '' as [value], -1 as [days]
       union select title_singolare as title, stima as [value], [days] from dn_task_stima 
       ) t order by t.[days]
2020-12-29 11:31:06,765 [75] DEBUG dlib.tools.log - SQL: select t.title, t.[value]
      from (select '' as title, '' as [value], -1 as [order]
       union select title_singolare as title, tipo as [value], [order] from dn_task_tipo
       ) t order by t.[order]
2020-12-29 11:31:06,766 [75] DEBUG dlib.tools.log - SQL: select t.title, t.[value]
      from (select '' as title, '' as [value]
       union select nome as title, nome as [value] from users
       ) t order by 2
2020-12-29 11:45:07,947 [73] INFO dlib.tools.log - reload config docs
2020-12-29 11:45:07,948 [73] INFO dlib.tools.log - load xml config doc: \defs\blocks.xml - C:\root\todd\git\dn\deepanotes\defs\blocks.xml
2020-12-29 11:45:07,948 [73] INFO dlib.tools.log - load xml config doc: \defs\cmds.xml - C:\root\todd\git\dn\deepanotes\defs\cmds.xml
2020-12-29 11:45:07,949 [73] INFO dlib.tools.log - load xml config doc: \defs\lib-base.xml - C:\root\todd\git\dn\deepanotes\defs\lib-base.xml
2020-12-29 11:45:07,950 [73] INFO dlib.tools.log - load xml config doc: \defs\lib-conns.xml - C:\root\todd\git\dn\deepanotes\defs\lib-conns.xml
2020-12-29 11:45:07,951 [73] INFO dlib.tools.log - load xml config doc: \defs\lib-notes.xml - C:\root\todd\git\dn\deepanotes\defs\lib-notes.xml
2020-12-29 11:45:07,952 [73] INFO dlib.tools.log - load xml config doc: \defs\lib-synch.xml - C:\root\todd\git\dn\deepanotes\defs\lib-synch.xml
2020-12-29 11:45:07,953 [73] INFO dlib.tools.log - load xml config doc: \defs\lib-vars.xml - C:\root\todd\git\dn\deepanotes\defs\lib-vars.xml
2020-12-29 11:45:07,953 [73] INFO dlib.tools.log - load xml config doc: \defs\users.xml - C:\root\todd\git\dn\deepanotes\defs\users.xml
2020-12-29 11:45:07,954 [73] INFO dlib.tools.log - load vars doc: \defs\blocks.xml - C:\root\todd\git\dn\deepanotes\defs\blocks.xml
2020-12-29 11:45:07,955 [73] INFO dlib.tools.log - load vars doc: \defs\cmds.xml - C:\root\todd\git\dn\deepanotes\defs\cmds.xml
2020-12-29 11:45:07,956 [73] INFO dlib.tools.log - load vars doc: \defs\lib-base.xml - C:\root\todd\git\dn\deepanotes\defs\lib-base.xml
2020-12-29 11:45:07,956 [73] INFO dlib.tools.log - load vars doc: \defs\lib-conns.xml - C:\root\todd\git\dn\deepanotes\defs\lib-conns.xml
2020-12-29 11:45:07,957 [73] INFO dlib.tools.log - load vars doc: \defs\lib-notes.xml - C:\root\todd\git\dn\deepanotes\defs\lib-notes.xml
2020-12-29 11:45:07,958 [73] INFO dlib.tools.log - load vars doc: \defs\lib-synch.xml - C:\root\todd\git\dn\deepanotes\defs\lib-synch.xml
2020-12-29 11:45:07,958 [73] INFO dlib.tools.log - load vars doc: \defs\lib-vars.xml - C:\root\todd\git\dn\deepanotes\defs\lib-vars.xml
2020-12-29 11:45:07,959 [73] INFO dlib.tools.log - load vars doc: \defs\users.xml - C:\root\todd\git\dn\deepanotes\defs\users.xml
2020-12-29 11:45:07,960 [73] INFO dlib.tools.log - load config doc: \defs\blocks.xml - C:\root\todd\git\dn\deepanotes\defs\blocks.xml
2020-12-29 11:45:07,960 [73] INFO dlib.tools.log - load config doc: \defs\cmds.xml - C:\root\todd\git\dn\deepanotes\defs\cmds.xml
2020-12-29 11:45:07,961 [73] INFO dlib.tools.log - load config doc: \defs\lib-base.xml - C:\root\todd\git\dn\deepanotes\defs\lib-base.xml
2020-12-29 11:45:07,962 [73] INFO dlib.tools.log - load config doc: \defs\lib-conns.xml - C:\root\todd\git\dn\deepanotes\defs\lib-conns.xml
2020-12-29 11:45:07,963 [73] INFO dlib.tools.log - load config doc: \defs\lib-notes.xml - C:\root\todd\git\dn\deepanotes\defs\lib-notes.xml
2020-12-29 11:45:07,963 [73] INFO dlib.tools.log - load config doc: \defs\lib-synch.xml - C:\root\todd\git\dn\deepanotes\defs\lib-synch.xml
2020-12-29 11:45:07,964 [73] INFO dlib.tools.log - load config doc: \defs\lib-vars.xml - C:\root\todd\git\dn\deepanotes\defs\lib-vars.xml
2020-12-29 11:45:07,965 [73] INFO dlib.tools.log - load config doc: \defs\users.xml - C:\root\todd\git\dn\deepanotes\defs\users.xml
2020-12-29 11:45:07,966 [73] DEBUG dlib.tools.log - SQL: open conn 'Data Source=localhost;Initial Catalog=deepanotes;User ID=sa;Password=Molina32!'
2020-12-29 11:45:07,974 [73] DEBUG dlib.tools.log - SQL: select task_notes from dn_tasks_notes 
       where task_id = 1
2020-12-29 11:45:07,976 [73] DEBUG dlib.tools.log - SQL: select a.file_id, a.file_name, a.extension, a.http_path
      from vw_task_allegati a
      where a.task_id = 1
2020-12-29 11:45:15,388 [81] INFO dlib.tools.log - reload config docs
2020-12-29 11:45:15,390 [81] INFO dlib.tools.log - load xml config doc: \defs\blocks.xml - C:\root\todd\git\dn\deepanotes\defs\blocks.xml
2020-12-29 11:45:15,391 [81] INFO dlib.tools.log - load xml config doc: \defs\cmds.xml - C:\root\todd\git\dn\deepanotes\defs\cmds.xml
2020-12-29 11:45:15,392 [81] INFO dlib.tools.log - load xml config doc: \defs\lib-base.xml - C:\root\todd\git\dn\deepanotes\defs\lib-base.xml
2020-12-29 11:45:15,393 [81] INFO dlib.tools.log - load xml config doc: \defs\lib-conns.xml - C:\root\todd\git\dn\deepanotes\defs\lib-conns.xml
2020-12-29 11:45:15,394 [81] INFO dlib.tools.log - load xml config doc: \defs\lib-notes.xml - C:\root\todd\git\dn\deepanotes\defs\lib-notes.xml
2020-12-29 11:45:15,394 [81] INFO dlib.tools.log - load xml config doc: \defs\lib-synch.xml - C:\root\todd\git\dn\deepanotes\defs\lib-synch.xml
2020-12-29 11:45:15,395 [81] INFO dlib.tools.log - load xml config doc: \defs\lib-vars.xml - C:\root\todd\git\dn\deepanotes\defs\lib-vars.xml
2020-12-29 11:45:15,396 [81] INFO dlib.tools.log - load xml config doc: \defs\users.xml - C:\root\todd\git\dn\deepanotes\defs\users.xml
2020-12-29 11:45:15,397 [81] INFO dlib.tools.log - load vars doc: \defs\blocks.xml - C:\root\todd\git\dn\deepanotes\defs\blocks.xml
2020-12-29 11:45:15,397 [81] INFO dlib.tools.log - load vars doc: \defs\cmds.xml - C:\root\todd\git\dn\deepanotes\defs\cmds.xml
2020-12-29 11:45:15,398 [81] INFO dlib.tools.log - load vars doc: \defs\lib-base.xml - C:\root\todd\git\dn\deepanotes\defs\lib-base.xml
2020-12-29 11:45:15,399 [81] INFO dlib.tools.log - load vars doc: \defs\lib-conns.xml - C:\root\todd\git\dn\deepanotes\defs\lib-conns.xml
2020-12-29 11:45:15,400 [81] INFO dlib.tools.log - load vars doc: \defs\lib-notes.xml - C:\root\todd\git\dn\deepanotes\defs\lib-notes.xml
2020-12-29 11:45:15,400 [81] INFO dlib.tools.log - load vars doc: \defs\lib-synch.xml - C:\root\todd\git\dn\deepanotes\defs\lib-synch.xml
2020-12-29 11:45:15,401 [81] INFO dlib.tools.log - load vars doc: \defs\lib-vars.xml - C:\root\todd\git\dn\deepanotes\defs\lib-vars.xml
2020-12-29 11:45:15,402 [81] INFO dlib.tools.log - load vars doc: \defs\users.xml - C:\root\todd\git\dn\deepanotes\defs\users.xml
2020-12-29 11:45:15,403 [81] INFO dlib.tools.log - load config doc: \defs\blocks.xml - C:\root\todd\git\dn\deepanotes\defs\blocks.xml
2020-12-29 11:45:15,403 [81] INFO dlib.tools.log - load config doc: \defs\cmds.xml - C:\root\todd\git\dn\deepanotes\defs\cmds.xml
2020-12-29 11:45:15,404 [81] INFO dlib.tools.log - load config doc: \defs\lib-base.xml - C:\root\todd\git\dn\deepanotes\defs\lib-base.xml
2020-12-29 11:45:15,405 [81] INFO dlib.tools.log - load config doc: \defs\lib-conns.xml - C:\root\todd\git\dn\deepanotes\defs\lib-conns.xml
2020-12-29 11:45:15,405 [81] INFO dlib.tools.log - load config doc: \defs\lib-notes.xml - C:\root\todd\git\dn\deepanotes\defs\lib-notes.xml
2020-12-29 11:45:15,406 [81] INFO dlib.tools.log - load config doc: \defs\lib-synch.xml - C:\root\todd\git\dn\deepanotes\defs\lib-synch.xml
2020-12-29 11:45:15,406 [81] INFO dlib.tools.log - load config doc: \defs\lib-vars.xml - C:\root\todd\git\dn\deepanotes\defs\lib-vars.xml
2020-12-29 11:45:15,407 [81] INFO dlib.tools.log - load config doc: \defs\users.xml - C:\root\todd\git\dn\deepanotes\defs\users.xml
2020-12-29 11:45:15,408 [81] DEBUG dlib.tools.log - SQL: open conn 'Data Source=localhost;Initial Catalog=deepanotes;User ID=sa;Password=Molina32!'
2020-12-29 11:45:21,606 [17] INFO dlib.tools.log - reload config docs
2020-12-29 11:45:21,608 [17] INFO dlib.tools.log - load xml config doc: \defs\blocks.xml - C:\root\todd\git\dn\deepanotes\defs\blocks.xml
2020-12-29 11:45:21,609 [17] INFO dlib.tools.log - load xml config doc: \defs\cmds.xml - C:\root\todd\git\dn\deepanotes\defs\cmds.xml
2020-12-29 11:45:21,610 [17] INFO dlib.tools.log - load xml config doc: \defs\lib-base.xml - C:\root\todd\git\dn\deepanotes\defs\lib-base.xml
2020-12-29 11:45:21,611 [17] INFO dlib.tools.log - load xml config doc: \defs\lib-conns.xml - C:\root\todd\git\dn\deepanotes\defs\lib-conns.xml
2020-12-29 11:45:21,612 [17] INFO dlib.tools.log - load xml config doc: \defs\lib-notes.xml - C:\root\todd\git\dn\deepanotes\defs\lib-notes.xml
2020-12-29 11:45:21,612 [17] INFO dlib.tools.log - load xml config doc: \defs\lib-synch.xml - C:\root\todd\git\dn\deepanotes\defs\lib-synch.xml
2020-12-29 11:45:21,613 [17] INFO dlib.tools.log - load xml config doc: \defs\lib-vars.xml - C:\root\todd\git\dn\deepanotes\defs\lib-vars.xml
2020-12-29 11:45:21,614 [17] INFO dlib.tools.log - load xml config doc: \defs\users.xml - C:\root\todd\git\dn\deepanotes\defs\users.xml
2020-12-29 11:45:21,614 [17] INFO dlib.tools.log - load vars doc: \defs\blocks.xml - C:\root\todd\git\dn\deepanotes\defs\blocks.xml
2020-12-29 11:45:21,615 [17] INFO dlib.tools.log - load vars doc: \defs\cmds.xml - C:\root\todd\git\dn\deepanotes\defs\cmds.xml
2020-12-29 11:45:21,616 [17] INFO dlib.tools.log - load vars doc: \defs\lib-base.xml - C:\root\todd\git\dn\deepanotes\defs\lib-base.xml
2020-12-29 11:45:21,616 [17] INFO dlib.tools.log - load vars doc: \defs\lib-conns.xml - C:\root\todd\git\dn\deepanotes\defs\lib-conns.xml
2020-12-29 11:45:21,617 [17] INFO dlib.tools.log - load vars doc: \defs\lib-notes.xml - C:\root\todd\git\dn\deepanotes\defs\lib-notes.xml
2020-12-29 11:45:21,618 [17] INFO dlib.tools.log - load vars doc: \defs\lib-synch.xml - C:\root\todd\git\dn\deepanotes\defs\lib-synch.xml
2020-12-29 11:45:21,618 [17] INFO dlib.tools.log - load vars doc: \defs\lib-vars.xml - C:\root\todd\git\dn\deepanotes\defs\lib-vars.xml
2020-12-29 11:45:21,619 [17] INFO dlib.tools.log - load vars doc: \defs\users.xml - C:\root\todd\git\dn\deepanotes\defs\users.xml
2020-12-29 11:45:21,620 [17] INFO dlib.tools.log - load config doc: \defs\blocks.xml - C:\root\todd\git\dn\deepanotes\defs\blocks.xml
2020-12-29 11:45:21,620 [17] INFO dlib.tools.log - load config doc: \defs\cmds.xml - C:\root\todd\git\dn\deepanotes\defs\cmds.xml
2020-12-29 11:45:21,621 [17] INFO dlib.tools.log - load config doc: \defs\lib-base.xml - C:\root\todd\git\dn\deepanotes\defs\lib-base.xml
2020-12-29 11:45:21,622 [17] INFO dlib.tools.log - load config doc: \defs\lib-conns.xml - C:\root\todd\git\dn\deepanotes\defs\lib-conns.xml
2020-12-29 11:45:21,623 [17] INFO dlib.tools.log - load config doc: \defs\lib-notes.xml - C:\root\todd\git\dn\deepanotes\defs\lib-notes.xml
2020-12-29 11:45:21,624 [17] INFO dlib.tools.log - load config doc: \defs\lib-synch.xml - C:\root\todd\git\dn\deepanotes\defs\lib-synch.xml
2020-12-29 11:45:21,624 [17] INFO dlib.tools.log - load config doc: \defs\lib-vars.xml - C:\root\todd\git\dn\deepanotes\defs\lib-vars.xml
2020-12-29 11:45:21,625 [17] INFO dlib.tools.log - load config doc: \defs\users.xml - C:\root\todd\git\dn\deepanotes\defs\users.xml
2020-12-29 11:45:21,626 [17] DEBUG dlib.tools.log - SQL: open conn 'Data Source=localhost;Initial Catalog=deepanotes;User ID=sa;Password=Molina32!'
2020-12-29 11:45:21,635 [17] DEBUG dlib.tools.log - SQL: select t.task_id, t.synch_folder_id, t.folder_id, t.file_id, t.title, t.dt_upd, t.dt_readed, sf.local_path as synch_local_path
		    , replace(dbo.folder_path(isnull(t.folder_id, f.folder_id)), '/', '\') as folder_path, f.file_id as file_notes_id, f.file_name
       from dn_tasks t
       join synch_folders sf on sf.synch_folder_id = t.synch_folder_id
       left join dn_files f on f.file_id = t.file_id
	   where t.task_id = 11
2020-12-29 11:45:21,638 [17] DEBUG dlib.tools.log - SQL: select replace((select local_path from synch_folders where synch_folder_id = f.synch_folder_id) 
        + isnull(dbo.folder_path(f.folder_id), '\') + f.file_name , '/', '\') as file_path
       from dn_files f where f.file_id = 28
2020-12-29 11:45:21,641 [17] DEBUG dlib.tools.log - SQL: update dn_files set folder_id = 44, synch_folder_id = 1
        where file_id = 28
2020-12-29 11:45:21,863 [81] INFO dlib.tools.log - reload config docs
2020-12-29 11:45:21,864 [81] INFO dlib.tools.log - load xml config doc: \defs\blocks.xml - C:\root\todd\git\dn\deepanotes\defs\blocks.xml
2020-12-29 11:45:21,865 [81] INFO dlib.tools.log - load xml config doc: \defs\cmds.xml - C:\root\todd\git\dn\deepanotes\defs\cmds.xml
2020-12-29 11:45:21,866 [81] INFO dlib.tools.log - load xml config doc: \defs\lib-base.xml - C:\root\todd\git\dn\deepanotes\defs\lib-base.xml
2020-12-29 11:45:21,867 [81] INFO dlib.tools.log - load xml config doc: \defs\lib-conns.xml - C:\root\todd\git\dn\deepanotes\defs\lib-conns.xml
2020-12-29 11:45:21,867 [81] INFO dlib.tools.log - load xml config doc: \defs\lib-notes.xml - C:\root\todd\git\dn\deepanotes\defs\lib-notes.xml
2020-12-29 11:45:21,868 [81] INFO dlib.tools.log - load xml config doc: \defs\lib-synch.xml - C:\root\todd\git\dn\deepanotes\defs\lib-synch.xml
2020-12-29 11:45:21,869 [81] INFO dlib.tools.log - load xml config doc: \defs\lib-vars.xml - C:\root\todd\git\dn\deepanotes\defs\lib-vars.xml
2020-12-29 11:45:21,870 [81] INFO dlib.tools.log - load xml config doc: \defs\users.xml - C:\root\todd\git\dn\deepanotes\defs\users.xml
2020-12-29 11:45:21,870 [81] INFO dlib.tools.log - load vars doc: \defs\blocks.xml - C:\root\todd\git\dn\deepanotes\defs\blocks.xml
2020-12-29 11:45:21,871 [81] INFO dlib.tools.log - load vars doc: \defs\cmds.xml - C:\root\todd\git\dn\deepanotes\defs\cmds.xml
2020-12-29 11:45:21,872 [81] INFO dlib.tools.log - load vars doc: \defs\lib-base.xml - C:\root\todd\git\dn\deepanotes\defs\lib-base.xml
2020-12-29 11:45:21,872 [81] INFO dlib.tools.log - load vars doc: \defs\lib-conns.xml - C:\root\todd\git\dn\deepanotes\defs\lib-conns.xml
2020-12-29 11:45:21,873 [81] INFO dlib.tools.log - load vars doc: \defs\lib-notes.xml - C:\root\todd\git\dn\deepanotes\defs\lib-notes.xml
2020-12-29 11:45:21,874 [81] INFO dlib.tools.log - load vars doc: \defs\lib-synch.xml - C:\root\todd\git\dn\deepanotes\defs\lib-synch.xml
2020-12-29 11:45:21,875 [81] INFO dlib.tools.log - load vars doc: \defs\lib-vars.xml - C:\root\todd\git\dn\deepanotes\defs\lib-vars.xml
2020-12-29 11:45:21,876 [81] INFO dlib.tools.log - load vars doc: \defs\users.xml - C:\root\todd\git\dn\deepanotes\defs\users.xml
2020-12-29 11:45:21,876 [81] INFO dlib.tools.log - load config doc: \defs\blocks.xml - C:\root\todd\git\dn\deepanotes\defs\blocks.xml
2020-12-29 11:45:21,877 [81] INFO dlib.tools.log - load config doc: \defs\cmds.xml - C:\root\todd\git\dn\deepanotes\defs\cmds.xml
2020-12-29 11:45:21,877 [81] INFO dlib.tools.log - load config doc: \defs\lib-base.xml - C:\root\todd\git\dn\deepanotes\defs\lib-base.xml
2020-12-29 11:45:21,878 [81] INFO dlib.tools.log - load config doc: \defs\lib-conns.xml - C:\root\todd\git\dn\deepanotes\defs\lib-conns.xml
2020-12-29 11:45:21,886 [81] INFO dlib.tools.log - load config doc: \defs\lib-notes.xml - C:\root\todd\git\dn\deepanotes\defs\lib-notes.xml
2020-12-29 11:45:21,887 [81] INFO dlib.tools.log - load config doc: \defs\lib-synch.xml - C:\root\todd\git\dn\deepanotes\defs\lib-synch.xml
2020-12-29 11:45:21,887 [81] INFO dlib.tools.log - load config doc: \defs\lib-vars.xml - C:\root\todd\git\dn\deepanotes\defs\lib-vars.xml
2020-12-29 11:45:21,888 [81] INFO dlib.tools.log - load config doc: \defs\users.xml - C:\root\todd\git\dn\deepanotes\defs\users.xml
2020-12-29 11:45:21,889 [81] DEBUG dlib.tools.log - SQL: open conn 'Data Source=localhost;Initial Catalog=deepanotes;User ID=sa;Password=Molina32!'
2020-12-29 11:45:21,898 [81] DEBUG dlib.tools.log - SQL: select task_notes from dn_tasks_notes 
       where task_id = 11
2020-12-29 11:45:21,900 [81] DEBUG dlib.tools.log - SQL: select a.file_id, a.file_name, a.extension, a.http_path
      from vw_task_allegati a
      where a.task_id = 11
