2021-01-31 19:33:47,454 [7] INFO dn_lib.tools.log - reload core
2021-01-31 19:33:47,491 [7] INFO dn_lib.tools.log - reload config docs
2021-01-31 19:33:47,493 [7] INFO dn_lib.tools.log - load xml config doc: \defs\blocks.xml - C:\root\todd\git\dn\deepanotes\defs\blocks.xml
2021-01-31 19:33:47,499 [7] INFO dn_lib.tools.log - load xml config doc: \defs\cmds.xml - C:\root\todd\git\dn\deepanotes\defs\cmds.xml
2021-01-31 19:33:47,507 [7] INFO dn_lib.tools.log - load xml config doc: \defs\lib-base.xml - C:\root\todd\git\dn\deepanotes\defs\lib-base.xml
2021-01-31 19:33:47,509 [7] INFO dn_lib.tools.log - load xml config doc: \defs\lib-conns.xml - C:\root\todd\git\dn\deepanotes\defs\lib-conns.xml
2021-01-31 19:33:47,510 [7] INFO dn_lib.tools.log - load xml config doc: \defs\lib-notes.xml - C:\root\todd\git\dn\deepanotes\defs\lib-notes.xml
2021-01-31 19:33:47,519 [7] INFO dn_lib.tools.log - load xml config doc: \defs\lib-synch.xml - C:\root\todd\git\dn\deepanotes\defs\lib-synch.xml
2021-01-31 19:33:47,526 [7] INFO dn_lib.tools.log - load xml config doc: \defs\lib-vars.xml - C:\root\todd\git\dn\deepanotes\defs\lib-vars.xml
2021-01-31 19:33:47,527 [7] INFO dn_lib.tools.log - load xml config doc: \defs\users.xml - C:\root\todd\git\dn\deepanotes\defs\users.xml
2021-01-31 19:33:47,534 [7] INFO dn_lib.tools.log - load vars doc: \defs\blocks.xml - C:\root\todd\git\dn\deepanotes\defs\blocks.xml
2021-01-31 19:33:47,536 [7] INFO dn_lib.tools.log - load vars doc: \defs\cmds.xml - C:\root\todd\git\dn\deepanotes\defs\cmds.xml
2021-01-31 19:33:47,536 [7] INFO dn_lib.tools.log - load vars doc: \defs\lib-base.xml - C:\root\todd\git\dn\deepanotes\defs\lib-base.xml
2021-01-31 19:33:47,537 [7] INFO dn_lib.tools.log - load vars doc: \defs\lib-conns.xml - C:\root\todd\git\dn\deepanotes\defs\lib-conns.xml
2021-01-31 19:33:47,538 [7] INFO dn_lib.tools.log - load vars doc: \defs\lib-notes.xml - C:\root\todd\git\dn\deepanotes\defs\lib-notes.xml
2021-01-31 19:33:47,538 [7] INFO dn_lib.tools.log - load vars doc: \defs\lib-synch.xml - C:\root\todd\git\dn\deepanotes\defs\lib-synch.xml
2021-01-31 19:33:47,539 [7] INFO dn_lib.tools.log - load vars doc: \defs\lib-vars.xml - C:\root\todd\git\dn\deepanotes\defs\lib-vars.xml
2021-01-31 19:33:47,540 [7] INFO dn_lib.tools.log - load vars doc: \defs\users.xml - C:\root\todd\git\dn\deepanotes\defs\users.xml
2021-01-31 19:33:47,540 [7] INFO dn_lib.tools.log - load config doc: \defs\blocks.xml - C:\root\todd\git\dn\deepanotes\defs\blocks.xml
2021-01-31 19:33:47,545 [7] INFO dn_lib.tools.log - load config doc: \defs\cmds.xml - C:\root\todd\git\dn\deepanotes\defs\cmds.xml
2021-01-31 19:33:47,547 [7] INFO dn_lib.tools.log - load config doc: \defs\lib-base.xml - C:\root\todd\git\dn\deepanotes\defs\lib-base.xml
2021-01-31 19:33:47,548 [7] INFO dn_lib.tools.log - load config doc: \defs\lib-conns.xml - C:\root\todd\git\dn\deepanotes\defs\lib-conns.xml
2021-01-31 19:33:47,549 [7] INFO dn_lib.tools.log - load config doc: \defs\lib-notes.xml - C:\root\todd\git\dn\deepanotes\defs\lib-notes.xml
2021-01-31 19:33:47,550 [7] INFO dn_lib.tools.log - load config doc: \defs\lib-synch.xml - C:\root\todd\git\dn\deepanotes\defs\lib-synch.xml
2021-01-31 19:33:47,550 [7] INFO dn_lib.tools.log - load config doc: \defs\lib-vars.xml - C:\root\todd\git\dn\deepanotes\defs\lib-vars.xml
2021-01-31 19:33:47,551 [7] INFO dn_lib.tools.log - load config doc: \defs\users.xml - C:\root\todd\git\dn\deepanotes\defs\users.xml
2021-01-31 19:33:47,553 [7] DEBUG dn_lib.tools.log - SQL: open conn 'Data Source=localhost;Initial Catalog=deepanotes;User ID=sa;Password=Molina32!'
2021-01-31 19:33:47,624 [7] DEBUG dn_lib.tools.log - SQL: select distinct lower(nome) as nome from users
2021-01-31 19:33:47,628 [7] DEBUG dn_lib.tools.log - SQL: select free_txt, stato, priorita, tipo, stima, (case when [default] = 1 then '1' else '0' end) as [default]
        from dn_task_free_labels 
2021-01-31 19:33:47,632 [7] DEBUG dn_lib.tools.log - SQL: select file_name, type_info from dn_files_info
2021-01-31 19:33:47,634 [7] DEBUG dn_lib.tools.log - SQL: select extension, des_extension, open_comment, close_comment, type_content from dn_files_types
2021-01-31 19:33:47,639 [7] DEBUG dn_lib.tools.log - SQL: select var_name, var_value 
          from users_cache where [user_id] = -1 and var_name in ('synch-last')
2021-01-31 19:33:47,643 [7] DEBUG dn_lib.tools.log - SQL: select setting_id, setting_name, setting_var, machine_name
        from settings where setting_name = 'synch-seconds' and isnull(machine_name, '') = ''
2021-01-31 19:33:47,646 [7] DEBUG dn_lib.tools.log - SQL: select var_name, var_value 
          from users_cache where [user_id] = -1 and var_name in ('synch-files')
2021-01-31 19:33:47,647 [7] DEBUG dn_lib.tools.log - SQL: select var_name, var_value 
          from users_cache where [user_id] = -1 and var_name in ('synch-folders')
2021-01-31 19:33:47,648 [7] DEBUG dn_lib.tools.log - SQL: select var_name, var_value 
          from users_cache where [user_id] = -1 and var_name in ('synch-lwt')
2021-01-31 19:33:47,650 [7] DEBUG dn_lib.tools.log - SQL: select sf.synch_folder_id, sf.pc_name, sf.[title], sf.[des], sf.local_path, sf.http_path, sf.[user], sf.[password]
        from synch_folders sf where sf.pc_name = 'MOLINOVO' order by sf.[title]
2021-01-31 19:33:47,659 [7] DEBUG dn_lib.tools.log - SQL: if not exists (select top 1 1 from users_cache where [user_id] = -1 and var_name = 'synch-last')
        insert into users_cache ([user_id], var_name, var_value)
          values (-1, 'synch-last', '2021/01/31 19:33:47')
        else update users_cache set var_value = substring('2021/01/31 19:33:47', 1, 500), dt_upd = getdate()
          where [user_id] = -1 and var_name = 'synch-last'
2021-01-31 19:37:56,081 [19] INFO dn_lib.tools.log - reload config docs
2021-01-31 19:37:56,082 [19] INFO dn_lib.tools.log - load xml config doc: \defs\blocks.xml - C:\root\todd\git\dn\deepanotes\defs\blocks.xml
2021-01-31 19:37:56,083 [19] INFO dn_lib.tools.log - load xml config doc: \defs\cmds.xml - C:\root\todd\git\dn\deepanotes\defs\cmds.xml
2021-01-31 19:37:56,083 [19] INFO dn_lib.tools.log - load xml config doc: \defs\lib-base.xml - C:\root\todd\git\dn\deepanotes\defs\lib-base.xml
2021-01-31 19:37:56,083 [19] INFO dn_lib.tools.log - load xml config doc: \defs\lib-conns.xml - C:\root\todd\git\dn\deepanotes\defs\lib-conns.xml
2021-01-31 19:37:56,084 [19] INFO dn_lib.tools.log - load xml config doc: \defs\lib-notes.xml - C:\root\todd\git\dn\deepanotes\defs\lib-notes.xml
2021-01-31 19:37:56,085 [19] INFO dn_lib.tools.log - load xml config doc: \defs\lib-synch.xml - C:\root\todd\git\dn\deepanotes\defs\lib-synch.xml
2021-01-31 19:37:56,085 [19] INFO dn_lib.tools.log - load xml config doc: \defs\lib-vars.xml - C:\root\todd\git\dn\deepanotes\defs\lib-vars.xml
2021-01-31 19:37:56,086 [19] INFO dn_lib.tools.log - load xml config doc: \defs\users.xml - C:\root\todd\git\dn\deepanotes\defs\users.xml
2021-01-31 19:37:56,087 [19] INFO dn_lib.tools.log - load vars doc: \defs\blocks.xml - C:\root\todd\git\dn\deepanotes\defs\blocks.xml
2021-01-31 19:37:56,087 [19] INFO dn_lib.tools.log - load vars doc: \defs\cmds.xml - C:\root\todd\git\dn\deepanotes\defs\cmds.xml
2021-01-31 19:37:56,088 [19] INFO dn_lib.tools.log - load vars doc: \defs\lib-base.xml - C:\root\todd\git\dn\deepanotes\defs\lib-base.xml
2021-01-31 19:37:56,088 [19] INFO dn_lib.tools.log - load vars doc: \defs\lib-conns.xml - C:\root\todd\git\dn\deepanotes\defs\lib-conns.xml
2021-01-31 19:37:56,089 [19] INFO dn_lib.tools.log - load vars doc: \defs\lib-notes.xml - C:\root\todd\git\dn\deepanotes\defs\lib-notes.xml
2021-01-31 19:37:56,089 [19] INFO dn_lib.tools.log - load vars doc: \defs\lib-synch.xml - C:\root\todd\git\dn\deepanotes\defs\lib-synch.xml
2021-01-31 19:37:56,089 [19] INFO dn_lib.tools.log - load vars doc: \defs\lib-vars.xml - C:\root\todd\git\dn\deepanotes\defs\lib-vars.xml
2021-01-31 19:37:56,090 [19] INFO dn_lib.tools.log - load vars doc: \defs\users.xml - C:\root\todd\git\dn\deepanotes\defs\users.xml
2021-01-31 19:37:56,090 [19] INFO dn_lib.tools.log - load config doc: \defs\blocks.xml - C:\root\todd\git\dn\deepanotes\defs\blocks.xml
2021-01-31 19:37:56,091 [19] INFO dn_lib.tools.log - load config doc: \defs\cmds.xml - C:\root\todd\git\dn\deepanotes\defs\cmds.xml
2021-01-31 19:37:56,091 [19] INFO dn_lib.tools.log - load config doc: \defs\lib-base.xml - C:\root\todd\git\dn\deepanotes\defs\lib-base.xml
2021-01-31 19:37:56,092 [19] INFO dn_lib.tools.log - load config doc: \defs\lib-conns.xml - C:\root\todd\git\dn\deepanotes\defs\lib-conns.xml
2021-01-31 19:37:56,092 [19] INFO dn_lib.tools.log - load config doc: \defs\lib-notes.xml - C:\root\todd\git\dn\deepanotes\defs\lib-notes.xml
2021-01-31 19:37:56,093 [19] INFO dn_lib.tools.log - load config doc: \defs\lib-synch.xml - C:\root\todd\git\dn\deepanotes\defs\lib-synch.xml
2021-01-31 19:37:56,093 [19] INFO dn_lib.tools.log - load config doc: \defs\lib-vars.xml - C:\root\todd\git\dn\deepanotes\defs\lib-vars.xml
2021-01-31 19:37:56,093 [19] INFO dn_lib.tools.log - load config doc: \defs\users.xml - C:\root\todd\git\dn\deepanotes\defs\users.xml
2021-01-31 19:37:56,094 [19] DEBUG dn_lib.tools.log - SQL: open conn 'Data Source=localhost;Initial Catalog=deepanotes;User ID=sa;Password=Molina32!'
2021-01-31 19:37:56,096 [19] DEBUG dn_lib.tools.log - SQL: select distinct lower(nome) as nome from users
2021-01-31 19:37:56,098 [19] DEBUG dn_lib.tools.log - SQL: select free_txt, stato, priorita, tipo, stima, (case when [default] = 1 then '1' else '0' end) as [default]
        from dn_task_free_labels 
2021-01-31 19:37:56,100 [19] DEBUG dn_lib.tools.log - SQL: select file_name, type_info from dn_files_info
2021-01-31 19:37:56,101 [19] DEBUG dn_lib.tools.log - SQL: select extension, des_extension, open_comment, close_comment, type_content from dn_files_types
2021-01-31 19:37:56,102 [19] DEBUG dn_lib.tools.log - SQL: select var_name, var_value 
          from users_cache where [user_id] = -1 and var_name in ('synch-last')
2021-01-31 19:37:56,104 [19] DEBUG dn_lib.tools.log - SQL: select setting_id, setting_name, setting_var, machine_name
        from settings where setting_name = 'synch-seconds' and isnull(machine_name, '') = ''
2021-01-31 19:53:55,584 [34] INFO dn_lib.tools.log - reload core
2021-01-31 19:53:55,618 [34] INFO dn_lib.tools.log - reload config docs
2021-01-31 19:53:55,620 [34] INFO dn_lib.tools.log - load xml config doc: \defs\blocks.xml - C:\root\todd\git\dn\deepanotes\defs\blocks.xml
2021-01-31 19:53:55,621 [34] INFO dn_lib.tools.log - load xml config doc: \defs\cmds.xml - C:\root\todd\git\dn\deepanotes\defs\cmds.xml
2021-01-31 19:53:55,622 [34] INFO dn_lib.tools.log - load xml config doc: \defs\lib-base.xml - C:\root\todd\git\dn\deepanotes\defs\lib-base.xml
2021-01-31 19:53:55,623 [34] INFO dn_lib.tools.log - load xml config doc: \defs\lib-conns.xml - C:\root\todd\git\dn\deepanotes\defs\lib-conns.xml
2021-01-31 19:53:55,623 [34] INFO dn_lib.tools.log - load xml config doc: \defs\lib-notes.xml - C:\root\todd\git\dn\deepanotes\defs\lib-notes.xml
2021-01-31 19:53:55,624 [34] INFO dn_lib.tools.log - load xml config doc: \defs\lib-synch.xml - C:\root\todd\git\dn\deepanotes\defs\lib-synch.xml
2021-01-31 19:53:55,626 [34] INFO dn_lib.tools.log - load xml config doc: \defs\lib-vars.xml - C:\root\todd\git\dn\deepanotes\defs\lib-vars.xml
2021-01-31 19:53:55,627 [34] INFO dn_lib.tools.log - load xml config doc: \defs\users.xml - C:\root\todd\git\dn\deepanotes\defs\users.xml
2021-01-31 19:53:55,628 [34] INFO dn_lib.tools.log - load vars doc: \defs\blocks.xml - C:\root\todd\git\dn\deepanotes\defs\blocks.xml
2021-01-31 19:53:55,629 [34] INFO dn_lib.tools.log - load vars doc: \defs\cmds.xml - C:\root\todd\git\dn\deepanotes\defs\cmds.xml
2021-01-31 19:53:55,630 [34] INFO dn_lib.tools.log - load vars doc: \defs\lib-base.xml - C:\root\todd\git\dn\deepanotes\defs\lib-base.xml
2021-01-31 19:53:55,630 [34] INFO dn_lib.tools.log - load vars doc: \defs\lib-conns.xml - C:\root\todd\git\dn\deepanotes\defs\lib-conns.xml
2021-01-31 19:53:55,631 [34] INFO dn_lib.tools.log - load vars doc: \defs\lib-notes.xml - C:\root\todd\git\dn\deepanotes\defs\lib-notes.xml
2021-01-31 19:53:55,632 [34] INFO dn_lib.tools.log - load vars doc: \defs\lib-synch.xml - C:\root\todd\git\dn\deepanotes\defs\lib-synch.xml
2021-01-31 19:53:55,633 [34] INFO dn_lib.tools.log - load vars doc: \defs\lib-vars.xml - C:\root\todd\git\dn\deepanotes\defs\lib-vars.xml
2021-01-31 19:53:55,633 [34] INFO dn_lib.tools.log - load vars doc: \defs\users.xml - C:\root\todd\git\dn\deepanotes\defs\users.xml
2021-01-31 19:53:55,634 [34] INFO dn_lib.tools.log - load config doc: \defs\blocks.xml - C:\root\todd\git\dn\deepanotes\defs\blocks.xml
2021-01-31 19:53:55,640 [34] INFO dn_lib.tools.log - load config doc: \defs\cmds.xml - C:\root\todd\git\dn\deepanotes\defs\cmds.xml
2021-01-31 19:53:55,642 [34] INFO dn_lib.tools.log - load config doc: \defs\lib-base.xml - C:\root\todd\git\dn\deepanotes\defs\lib-base.xml
2021-01-31 19:53:55,643 [34] INFO dn_lib.tools.log - load config doc: \defs\lib-conns.xml - C:\root\todd\git\dn\deepanotes\defs\lib-conns.xml
2021-01-31 19:53:55,644 [34] INFO dn_lib.tools.log - load config doc: \defs\lib-notes.xml - C:\root\todd\git\dn\deepanotes\defs\lib-notes.xml
2021-01-31 19:53:55,645 [34] INFO dn_lib.tools.log - load config doc: \defs\lib-synch.xml - C:\root\todd\git\dn\deepanotes\defs\lib-synch.xml
2021-01-31 19:53:55,646 [34] INFO dn_lib.tools.log - load config doc: \defs\lib-vars.xml - C:\root\todd\git\dn\deepanotes\defs\lib-vars.xml
2021-01-31 19:53:55,647 [34] INFO dn_lib.tools.log - load config doc: \defs\users.xml - C:\root\todd\git\dn\deepanotes\defs\users.xml
2021-01-31 19:53:55,648 [34] DEBUG dn_lib.tools.log - SQL: open conn 'Data Source=localhost;Initial Catalog=deepanotes;User ID=sa;Password=Molina32!'
2021-01-31 19:53:55,687 [38] INFO dn_lib.tools.log - reload config docs
2021-01-31 19:53:55,688 [38] INFO dn_lib.tools.log - load xml config doc: \defs\blocks.xml - C:\root\todd\git\dn\deepanotes\defs\blocks.xml
2021-01-31 19:53:55,689 [38] INFO dn_lib.tools.log - load xml config doc: \defs\cmds.xml - C:\root\todd\git\dn\deepanotes\defs\cmds.xml
2021-01-31 19:53:55,690 [38] INFO dn_lib.tools.log - load xml config doc: \defs\lib-base.xml - C:\root\todd\git\dn\deepanotes\defs\lib-base.xml
2021-01-31 19:53:55,691 [38] INFO dn_lib.tools.log - load xml config doc: \defs\lib-conns.xml - C:\root\todd\git\dn\deepanotes\defs\lib-conns.xml
2021-01-31 19:53:55,691 [38] INFO dn_lib.tools.log - load xml config doc: \defs\lib-notes.xml - C:\root\todd\git\dn\deepanotes\defs\lib-notes.xml
2021-01-31 19:53:55,693 [38] INFO dn_lib.tools.log - load xml config doc: \defs\lib-synch.xml - C:\root\todd\git\dn\deepanotes\defs\lib-synch.xml
2021-01-31 19:53:55,694 [38] INFO dn_lib.tools.log - load xml config doc: \defs\lib-vars.xml - C:\root\todd\git\dn\deepanotes\defs\lib-vars.xml
2021-01-31 19:53:55,695 [38] INFO dn_lib.tools.log - load xml config doc: \defs\users.xml - C:\root\todd\git\dn\deepanotes\defs\users.xml
2021-01-31 19:53:55,695 [38] INFO dn_lib.tools.log - load vars doc: \defs\blocks.xml - C:\root\todd\git\dn\deepanotes\defs\blocks.xml
2021-01-31 19:53:55,696 [38] INFO dn_lib.tools.log - load vars doc: \defs\cmds.xml - C:\root\todd\git\dn\deepanotes\defs\cmds.xml
2021-01-31 19:53:55,696 [38] INFO dn_lib.tools.log - load vars doc: \defs\lib-base.xml - C:\root\todd\git\dn\deepanotes\defs\lib-base.xml
2021-01-31 19:53:55,696 [38] INFO dn_lib.tools.log - load vars doc: \defs\lib-conns.xml - C:\root\todd\git\dn\deepanotes\defs\lib-conns.xml
2021-01-31 19:53:55,697 [38] INFO dn_lib.tools.log - load vars doc: \defs\lib-notes.xml - C:\root\todd\git\dn\deepanotes\defs\lib-notes.xml
2021-01-31 19:53:55,697 [38] INFO dn_lib.tools.log - load vars doc: \defs\lib-synch.xml - C:\root\todd\git\dn\deepanotes\defs\lib-synch.xml
2021-01-31 19:53:55,698 [38] INFO dn_lib.tools.log - load vars doc: \defs\lib-vars.xml - C:\root\todd\git\dn\deepanotes\defs\lib-vars.xml
2021-01-31 19:53:55,698 [38] INFO dn_lib.tools.log - load vars doc: \defs\users.xml - C:\root\todd\git\dn\deepanotes\defs\users.xml
2021-01-31 19:53:55,699 [38] INFO dn_lib.tools.log - load config doc: \defs\blocks.xml - C:\root\todd\git\dn\deepanotes\defs\blocks.xml
2021-01-31 19:53:55,699 [38] INFO dn_lib.tools.log - load config doc: \defs\cmds.xml - C:\root\todd\git\dn\deepanotes\defs\cmds.xml
2021-01-31 19:53:55,700 [38] INFO dn_lib.tools.log - load config doc: \defs\lib-base.xml - C:\root\todd\git\dn\deepanotes\defs\lib-base.xml
2021-01-31 19:53:55,700 [38] INFO dn_lib.tools.log - load config doc: \defs\lib-conns.xml - C:\root\todd\git\dn\deepanotes\defs\lib-conns.xml
2021-01-31 19:53:55,700 [38] INFO dn_lib.tools.log - load config doc: \defs\lib-notes.xml - C:\root\todd\git\dn\deepanotes\defs\lib-notes.xml
2021-01-31 19:53:55,701 [38] INFO dn_lib.tools.log - load config doc: \defs\lib-synch.xml - C:\root\todd\git\dn\deepanotes\defs\lib-synch.xml
2021-01-31 19:53:55,701 [38] INFO dn_lib.tools.log - load config doc: \defs\lib-vars.xml - C:\root\todd\git\dn\deepanotes\defs\lib-vars.xml
2021-01-31 19:53:55,702 [38] INFO dn_lib.tools.log - load config doc: \defs\users.xml - C:\root\todd\git\dn\deepanotes\defs\users.xml
2021-01-31 19:53:55,702 [38] DEBUG dn_lib.tools.log - SQL: open conn 'Data Source=localhost;Initial Catalog=deepanotes;User ID=sa;Password=Molina32!'
2021-01-31 19:53:55,735 [39] INFO dn_lib.tools.log - reload config docs
2021-01-31 19:53:55,736 [39] INFO dn_lib.tools.log - load xml config doc: \defs\blocks.xml - C:\root\todd\git\dn\deepanotes\defs\blocks.xml
2021-01-31 19:53:55,737 [39] INFO dn_lib.tools.log - load xml config doc: \defs\cmds.xml - C:\root\todd\git\dn\deepanotes\defs\cmds.xml
2021-01-31 19:53:55,738 [39] INFO dn_lib.tools.log - load xml config doc: \defs\lib-base.xml - C:\root\todd\git\dn\deepanotes\defs\lib-base.xml
2021-01-31 19:53:55,738 [39] INFO dn_lib.tools.log - load xml config doc: \defs\lib-conns.xml - C:\root\todd\git\dn\deepanotes\defs\lib-conns.xml
2021-01-31 19:53:55,739 [39] INFO dn_lib.tools.log - load xml config doc: \defs\lib-notes.xml - C:\root\todd\git\dn\deepanotes\defs\lib-notes.xml
2021-01-31 19:53:55,740 [39] INFO dn_lib.tools.log - load xml config doc: \defs\lib-synch.xml - C:\root\todd\git\dn\deepanotes\defs\lib-synch.xml
2021-01-31 19:53:55,741 [39] INFO dn_lib.tools.log - load xml config doc: \defs\lib-vars.xml - C:\root\todd\git\dn\deepanotes\defs\lib-vars.xml
2021-01-31 19:53:55,742 [39] INFO dn_lib.tools.log - load xml config doc: \defs\users.xml - C:\root\todd\git\dn\deepanotes\defs\users.xml
2021-01-31 19:53:55,742 [39] INFO dn_lib.tools.log - load vars doc: \defs\blocks.xml - C:\root\todd\git\dn\deepanotes\defs\blocks.xml
2021-01-31 19:53:55,742 [39] INFO dn_lib.tools.log - load vars doc: \defs\cmds.xml - C:\root\todd\git\dn\deepanotes\defs\cmds.xml
2021-01-31 19:53:55,743 [39] INFO dn_lib.tools.log - load vars doc: \defs\lib-base.xml - C:\root\todd\git\dn\deepanotes\defs\lib-base.xml
2021-01-31 19:53:55,743 [39] INFO dn_lib.tools.log - load vars doc: \defs\lib-conns.xml - C:\root\todd\git\dn\deepanotes\defs\lib-conns.xml
2021-01-31 19:53:55,744 [39] INFO dn_lib.tools.log - load vars doc: \defs\lib-notes.xml - C:\root\todd\git\dn\deepanotes\defs\lib-notes.xml
2021-01-31 19:53:55,744 [39] INFO dn_lib.tools.log - load vars doc: \defs\lib-synch.xml - C:\root\todd\git\dn\deepanotes\defs\lib-synch.xml
2021-01-31 19:53:55,745 [39] INFO dn_lib.tools.log - load vars doc: \defs\lib-vars.xml - C:\root\todd\git\dn\deepanotes\defs\lib-vars.xml
2021-01-31 19:53:55,746 [39] INFO dn_lib.tools.log - load vars doc: \defs\users.xml - C:\root\todd\git\dn\deepanotes\defs\users.xml
2021-01-31 19:53:55,746 [39] INFO dn_lib.tools.log - load config doc: \defs\blocks.xml - C:\root\todd\git\dn\deepanotes\defs\blocks.xml
2021-01-31 19:53:55,746 [39] INFO dn_lib.tools.log - load config doc: \defs\cmds.xml - C:\root\todd\git\dn\deepanotes\defs\cmds.xml
2021-01-31 19:53:55,747 [39] INFO dn_lib.tools.log - load config doc: \defs\lib-base.xml - C:\root\todd\git\dn\deepanotes\defs\lib-base.xml
2021-01-31 19:53:55,747 [39] INFO dn_lib.tools.log - load config doc: \defs\lib-conns.xml - C:\root\todd\git\dn\deepanotes\defs\lib-conns.xml
2021-01-31 19:53:55,748 [39] INFO dn_lib.tools.log - load config doc: \defs\lib-notes.xml - C:\root\todd\git\dn\deepanotes\defs\lib-notes.xml
2021-01-31 19:53:55,748 [39] INFO dn_lib.tools.log - load config doc: \defs\lib-synch.xml - C:\root\todd\git\dn\deepanotes\defs\lib-synch.xml
2021-01-31 19:53:55,749 [39] INFO dn_lib.tools.log - load config doc: \defs\lib-vars.xml - C:\root\todd\git\dn\deepanotes\defs\lib-vars.xml
2021-01-31 19:53:55,749 [39] INFO dn_lib.tools.log - load config doc: \defs\users.xml - C:\root\todd\git\dn\deepanotes\defs\users.xml
2021-01-31 19:53:55,761 [39] DEBUG dn_lib.tools.log - SQL: open conn 'Data Source=localhost;Initial Catalog=deepanotes;User ID=sa;Password=Molina32!'
2021-01-31 19:53:55,785 [39] DEBUG dn_lib.tools.log - SQL: select task_filter_id, filter_title, filter_notes, filter_def, filter_class
 from dn_tasks_filters order by filter_order
2021-01-31 19:53:55,792 [39] DEBUG dn_lib.tools.log - SQL: select var_name, var_value 
          from users_cache where [user_id] = 0 and var_name in ('active-task-filter')
2021-01-31 19:53:55,797 [39] DEBUG dn_lib.tools.log - SQL: select ft.tp, ft.synch_folder_id, ft.folder_id, ft.parent_id, ft.title
       , ft.des, ft.http_path, ft.lvl, dbo.folder_path(ft.folder_id) as folder_path
       , (select top 1 1 from dn_tasks where folder_id = ft.folder_id) as is_task
      from dbo.fnc_dn_folders(null, null) ft
      
      order by ft.synch_folder_id, ft.lvl, ft.title
2021-01-31 19:53:55,808 [39] DEBUG dn_lib.tools.log - SQL: select f.synch_folder_id, f.file_id, f.folder_id, f.file_name, f.dt_ins , null as found_file
       from dn_files f
       where exists (select top 1 1 from dbo.fnc_dn_folders(null, null) ft 
        
	      where ft.synch_folder_id = f.synch_folder_id 
          and isnull(ft.folder_id, 0) = isnull(f.folder_id, 0))
2021-01-31 19:53:55,819 [39] DEBUG dn_lib.tools.log - SQL: select t3.*
      , tst.stato, tst.[order] as stato_order, isnull(tst.class, 'light') as stato_class, isnull(tst.title_plurale, '') as stato_title_plurale, isnull(tst.title_singolare, '') as stato_title_singolare
      , tp.priorita, tp.[order] as priorita_order, isnull(tp.class, 'light') as priorita_class, isnull(tp.title_plurale, '') as priorita_title_plurale, isnull(tp.title_singolare, '') as priorita_title_singolare
      , tt.tipo, tt.[order] as tipo_order, isnull(tt.class, 'light') as tipo_class, isnull(tt.title_plurale, '') as tipo_title_plurale, isnull(tt.title_singolare, '') as tipo_title_singolare
      , ts.stima, ts.[days] as stima_days, isnull(ts.class, 'light') as stima_class, isnull(ts.title_plurale, '') as stima_title_plurale, isnull(ts.title_singolare, '') as stima_title_singolare
      , (select top 1 1 from dn_tasks_notes where task_id = t3.task_id) as task_notes
      , (select top 1 1 from vw_task_allegati f2 where f2.task_id = t3.task_id 
          and not exists (select top 1 1 from dn_files_info where file_name = f2.file_name)) as task_files
  from (select t2.*, datediff(day, t2.dt_ref, getdate()) as diff_days
    from (select t.task_id, t.synch_folder_id, isnull(t.folder_id, f.folder_id) as folder_id
	   , t.file_id, t.title, t.[user], t.stato, t.priorita, t.tipo, t.stima, t.dt_ins, t.dt_upd
     , (case when t.dt_ins > t.dt_upd then t.dt_ins else t.dt_upd end) as dt_ref
	  from dn_tasks t
    
	  left join dn_files f on f.file_id = t.file_id
    where (null is null or (null is not null and t.task_id = null)) ) t2
    where exists (select top 1 1 from dbo.fnc_dn_folders(null, null) ft 
	    where  ft.synch_folder_id = t2.synch_folder_id 
       and isnull(ft.folder_id, 0) = isnull(t2.folder_id, 0))) t3
   left join dn_task_stato tst on tst.stato = t3.stato
   left join dn_task_priorita tp on tp.priorita = t3.priorita
   left join dn_task_tipo tt on tt.tipo = t3.tipo
   left join dn_task_stima ts on ts.stima = t3.stima
   where 1 = 1 
2021-01-31 19:53:55,848 [39] DEBUG dn_lib.tools.log - SQL: select title_singolare, stato from dn_task_stato order by [order]
2021-01-31 19:53:55,864 [39] DEBUG dn_lib.tools.log - SQL: select t.title, t.[value]
      from (select '' as title, '' as [value], -1 as [order]
       union select title_singolare as title, priorita as [value], [order] from dn_task_priorita
      ) t order by t.[order]
2021-01-31 19:53:55,950 [39] DEBUG dn_lib.tools.log - SQL: select t.title, t.[value]
      from (select '' as title, '' as [value], -1 as [days]
       union select title_singolare as title, stima as [value], [days] from dn_task_stima 
       ) t order by t.[days]
2021-01-31 19:53:55,953 [39] DEBUG dn_lib.tools.log - SQL: select t.title, t.[value]
      from (select '' as title, '' as [value], -1 as [order]
       union select title_singolare as title, tipo as [value], [order] from dn_task_tipo
       ) t order by t.[order]
2021-01-31 19:53:55,954 [39] DEBUG dn_lib.tools.log - SQL: select t.title, t.[value]
      from (select '' as title, '' as [value]
       union select nome as title, nome as [value] from users
       ) t order by 2
