2021-07-15 23:14:12,908 [6] INFO dn_lib.tools.log - reload core
2021-07-15 23:14:13,025 [6] INFO dn_lib.tools.log - reload config docs
2021-07-15 23:14:13,027 [6] INFO dn_lib.tools.log - load xml config doc: \defs\blocks.xml - C:\root\todd\git\dn\deepanotes\defs\blocks.xml
2021-07-15 23:14:13,044 [6] INFO dn_lib.tools.log - load xml config doc: \defs\cmds.xml - C:\root\todd\git\dn\deepanotes\defs\cmds.xml
2021-07-15 23:14:13,062 [6] INFO dn_lib.tools.log - load xml config doc: \defs\lib-base.xml - C:\root\todd\git\dn\deepanotes\defs\lib-base.xml
2021-07-15 23:14:13,065 [6] INFO dn_lib.tools.log - load xml config doc: \defs\lib-conns.xml - C:\root\todd\git\dn\deepanotes\defs\lib-conns.xml
2021-07-15 23:14:13,067 [6] INFO dn_lib.tools.log - load xml config doc: \defs\lib-notes.xml - C:\root\todd\git\dn\deepanotes\defs\lib-notes.xml
2021-07-15 23:14:13,094 [6] INFO dn_lib.tools.log - load xml config doc: \defs\lib-synch.xml - C:\root\todd\git\dn\deepanotes\defs\lib-synch.xml
2021-07-15 23:14:13,095 [6] INFO dn_lib.tools.log - load xml config doc: \defs\lib-vars.xml - C:\root\todd\git\dn\deepanotes\defs\lib-vars.xml
2021-07-15 23:14:13,098 [6] INFO dn_lib.tools.log - load xml config doc: \defs\users.xml - C:\root\todd\git\dn\deepanotes\defs\users.xml
2021-07-15 23:14:13,105 [6] INFO dn_lib.tools.log - load vars doc: \defs\blocks.xml - C:\root\todd\git\dn\deepanotes\defs\blocks.xml
2021-07-15 23:14:13,108 [6] INFO dn_lib.tools.log - load vars doc: \defs\cmds.xml - C:\root\todd\git\dn\deepanotes\defs\cmds.xml
2021-07-15 23:14:13,109 [6] INFO dn_lib.tools.log - load vars doc: \defs\lib-base.xml - C:\root\todd\git\dn\deepanotes\defs\lib-base.xml
2021-07-15 23:14:13,110 [6] INFO dn_lib.tools.log - load vars doc: \defs\lib-conns.xml - C:\root\todd\git\dn\deepanotes\defs\lib-conns.xml
2021-07-15 23:14:13,111 [6] INFO dn_lib.tools.log - load vars doc: \defs\lib-notes.xml - C:\root\todd\git\dn\deepanotes\defs\lib-notes.xml
2021-07-15 23:14:13,112 [6] INFO dn_lib.tools.log - load vars doc: \defs\lib-synch.xml - C:\root\todd\git\dn\deepanotes\defs\lib-synch.xml
2021-07-15 23:14:13,113 [6] INFO dn_lib.tools.log - load vars doc: \defs\lib-vars.xml - C:\root\todd\git\dn\deepanotes\defs\lib-vars.xml
2021-07-15 23:14:13,113 [6] INFO dn_lib.tools.log - load vars doc: \defs\users.xml - C:\root\todd\git\dn\deepanotes\defs\users.xml
2021-07-15 23:14:13,114 [6] INFO dn_lib.tools.log - load config doc: \defs\blocks.xml - C:\root\todd\git\dn\deepanotes\defs\blocks.xml
2021-07-15 23:14:13,130 [6] INFO dn_lib.tools.log - load config doc: \defs\cmds.xml - C:\root\todd\git\dn\deepanotes\defs\cmds.xml
2021-07-15 23:14:13,134 [6] INFO dn_lib.tools.log - load config doc: \defs\lib-base.xml - C:\root\todd\git\dn\deepanotes\defs\lib-base.xml
2021-07-15 23:14:13,135 [6] INFO dn_lib.tools.log - load config doc: \defs\lib-conns.xml - C:\root\todd\git\dn\deepanotes\defs\lib-conns.xml
2021-07-15 23:14:13,136 [6] INFO dn_lib.tools.log - load config doc: \defs\lib-notes.xml - C:\root\todd\git\dn\deepanotes\defs\lib-notes.xml
2021-07-15 23:14:13,137 [6] INFO dn_lib.tools.log - load config doc: \defs\lib-synch.xml - C:\root\todd\git\dn\deepanotes\defs\lib-synch.xml
2021-07-15 23:14:13,138 [6] INFO dn_lib.tools.log - load config doc: \defs\lib-vars.xml - C:\root\todd\git\dn\deepanotes\defs\lib-vars.xml
2021-07-15 23:14:13,139 [6] INFO dn_lib.tools.log - load config doc: \defs\users.xml - C:\root\todd\git\dn\deepanotes\defs\users.xml
2021-07-15 23:14:13,156 [6] DEBUG dn_lib.tools.log - SQL: open conn 'Data Source=localhost;Initial Catalog=deepanotes;User ID=sa;Password=Molina32!'
2021-07-15 23:14:20,127 [11] INFO dn_lib.tools.log - reload config docs
2021-07-15 23:14:20,129 [11] INFO dn_lib.tools.log - load xml config doc: \defs\blocks.xml - C:\root\todd\git\dn\deepanotes\defs\blocks.xml
2021-07-15 23:14:20,129 [11] INFO dn_lib.tools.log - load xml config doc: \defs\cmds.xml - C:\root\todd\git\dn\deepanotes\defs\cmds.xml
2021-07-15 23:14:20,130 [11] INFO dn_lib.tools.log - load xml config doc: \defs\lib-base.xml - C:\root\todd\git\dn\deepanotes\defs\lib-base.xml
2021-07-15 23:14:20,131 [11] INFO dn_lib.tools.log - load xml config doc: \defs\lib-conns.xml - C:\root\todd\git\dn\deepanotes\defs\lib-conns.xml
2021-07-15 23:14:20,133 [11] INFO dn_lib.tools.log - load xml config doc: \defs\lib-notes.xml - C:\root\todd\git\dn\deepanotes\defs\lib-notes.xml
2021-07-15 23:14:20,134 [11] INFO dn_lib.tools.log - load xml config doc: \defs\lib-synch.xml - C:\root\todd\git\dn\deepanotes\defs\lib-synch.xml
2021-07-15 23:14:20,135 [11] INFO dn_lib.tools.log - load xml config doc: \defs\lib-vars.xml - C:\root\todd\git\dn\deepanotes\defs\lib-vars.xml
2021-07-15 23:14:20,136 [11] INFO dn_lib.tools.log - load xml config doc: \defs\users.xml - C:\root\todd\git\dn\deepanotes\defs\users.xml
2021-07-15 23:14:20,137 [11] INFO dn_lib.tools.log - load vars doc: \defs\blocks.xml - C:\root\todd\git\dn\deepanotes\defs\blocks.xml
2021-07-15 23:14:20,138 [11] INFO dn_lib.tools.log - load vars doc: \defs\cmds.xml - C:\root\todd\git\dn\deepanotes\defs\cmds.xml
2021-07-15 23:14:20,139 [11] INFO dn_lib.tools.log - load vars doc: \defs\lib-base.xml - C:\root\todd\git\dn\deepanotes\defs\lib-base.xml
2021-07-15 23:14:20,139 [11] INFO dn_lib.tools.log - load vars doc: \defs\lib-conns.xml - C:\root\todd\git\dn\deepanotes\defs\lib-conns.xml
2021-07-15 23:14:20,140 [11] INFO dn_lib.tools.log - load vars doc: \defs\lib-notes.xml - C:\root\todd\git\dn\deepanotes\defs\lib-notes.xml
2021-07-15 23:14:20,140 [11] INFO dn_lib.tools.log - load vars doc: \defs\lib-synch.xml - C:\root\todd\git\dn\deepanotes\defs\lib-synch.xml
2021-07-15 23:14:20,141 [11] INFO dn_lib.tools.log - load vars doc: \defs\lib-vars.xml - C:\root\todd\git\dn\deepanotes\defs\lib-vars.xml
2021-07-15 23:14:20,141 [11] INFO dn_lib.tools.log - load vars doc: \defs\users.xml - C:\root\todd\git\dn\deepanotes\defs\users.xml
2021-07-15 23:14:20,142 [11] INFO dn_lib.tools.log - load config doc: \defs\blocks.xml - C:\root\todd\git\dn\deepanotes\defs\blocks.xml
2021-07-15 23:14:20,143 [11] INFO dn_lib.tools.log - load config doc: \defs\cmds.xml - C:\root\todd\git\dn\deepanotes\defs\cmds.xml
2021-07-15 23:14:20,144 [11] INFO dn_lib.tools.log - load config doc: \defs\lib-base.xml - C:\root\todd\git\dn\deepanotes\defs\lib-base.xml
2021-07-15 23:14:20,144 [11] INFO dn_lib.tools.log - load config doc: \defs\lib-conns.xml - C:\root\todd\git\dn\deepanotes\defs\lib-conns.xml
2021-07-15 23:14:20,145 [11] INFO dn_lib.tools.log - load config doc: \defs\lib-notes.xml - C:\root\todd\git\dn\deepanotes\defs\lib-notes.xml
2021-07-15 23:14:20,146 [11] INFO dn_lib.tools.log - load config doc: \defs\lib-synch.xml - C:\root\todd\git\dn\deepanotes\defs\lib-synch.xml
2021-07-15 23:14:20,146 [11] INFO dn_lib.tools.log - load config doc: \defs\lib-vars.xml - C:\root\todd\git\dn\deepanotes\defs\lib-vars.xml
2021-07-15 23:14:20,148 [11] INFO dn_lib.tools.log - load config doc: \defs\users.xml - C:\root\todd\git\dn\deepanotes\defs\users.xml
2021-07-15 23:14:20,148 [11] DEBUG dn_lib.tools.log - SQL: open conn 'Data Source=localhost;Initial Catalog=deepanotes;User ID=sa;Password=Molina32!'
2021-07-15 23:14:20,169 [11] DEBUG dn_lib.tools.log - SQL: select [user_id], nome, pwd, email, isnull(activated, 0) as activated 
          from users where nome = 'molina' order by isnull(activated, 0) desc;
2021-07-15 23:14:26,723 [16] INFO dn_lib.tools.log - reload config docs
2021-07-15 23:14:26,725 [16] INFO dn_lib.tools.log - load xml config doc: \defs\blocks.xml - C:\root\todd\git\dn\deepanotes\defs\blocks.xml
2021-07-15 23:14:26,726 [16] INFO dn_lib.tools.log - load xml config doc: \defs\cmds.xml - C:\root\todd\git\dn\deepanotes\defs\cmds.xml
2021-07-15 23:14:26,727 [16] INFO dn_lib.tools.log - load xml config doc: \defs\lib-base.xml - C:\root\todd\git\dn\deepanotes\defs\lib-base.xml
2021-07-15 23:14:26,728 [16] INFO dn_lib.tools.log - load xml config doc: \defs\lib-conns.xml - C:\root\todd\git\dn\deepanotes\defs\lib-conns.xml
2021-07-15 23:14:26,729 [16] INFO dn_lib.tools.log - load xml config doc: \defs\lib-notes.xml - C:\root\todd\git\dn\deepanotes\defs\lib-notes.xml
2021-07-15 23:14:26,731 [16] INFO dn_lib.tools.log - load xml config doc: \defs\lib-synch.xml - C:\root\todd\git\dn\deepanotes\defs\lib-synch.xml
2021-07-15 23:14:26,732 [16] INFO dn_lib.tools.log - load xml config doc: \defs\lib-vars.xml - C:\root\todd\git\dn\deepanotes\defs\lib-vars.xml
2021-07-15 23:14:26,733 [16] INFO dn_lib.tools.log - load xml config doc: \defs\users.xml - C:\root\todd\git\dn\deepanotes\defs\users.xml
2021-07-15 23:14:26,733 [16] INFO dn_lib.tools.log - load vars doc: \defs\blocks.xml - C:\root\todd\git\dn\deepanotes\defs\blocks.xml
2021-07-15 23:14:26,734 [16] INFO dn_lib.tools.log - load vars doc: \defs\cmds.xml - C:\root\todd\git\dn\deepanotes\defs\cmds.xml
2021-07-15 23:14:26,735 [16] INFO dn_lib.tools.log - load vars doc: \defs\lib-base.xml - C:\root\todd\git\dn\deepanotes\defs\lib-base.xml
2021-07-15 23:14:26,735 [16] INFO dn_lib.tools.log - load vars doc: \defs\lib-conns.xml - C:\root\todd\git\dn\deepanotes\defs\lib-conns.xml
2021-07-15 23:14:26,736 [16] INFO dn_lib.tools.log - load vars doc: \defs\lib-notes.xml - C:\root\todd\git\dn\deepanotes\defs\lib-notes.xml
2021-07-15 23:14:26,737 [16] INFO dn_lib.tools.log - load vars doc: \defs\lib-synch.xml - C:\root\todd\git\dn\deepanotes\defs\lib-synch.xml
2021-07-15 23:14:26,737 [16] INFO dn_lib.tools.log - load vars doc: \defs\lib-vars.xml - C:\root\todd\git\dn\deepanotes\defs\lib-vars.xml
2021-07-15 23:14:26,738 [16] INFO dn_lib.tools.log - load vars doc: \defs\users.xml - C:\root\todd\git\dn\deepanotes\defs\users.xml
2021-07-15 23:14:26,739 [16] INFO dn_lib.tools.log - load config doc: \defs\blocks.xml - C:\root\todd\git\dn\deepanotes\defs\blocks.xml
2021-07-15 23:14:26,739 [16] INFO dn_lib.tools.log - load config doc: \defs\cmds.xml - C:\root\todd\git\dn\deepanotes\defs\cmds.xml
2021-07-15 23:14:26,740 [16] INFO dn_lib.tools.log - load config doc: \defs\lib-base.xml - C:\root\todd\git\dn\deepanotes\defs\lib-base.xml
2021-07-15 23:14:26,740 [16] INFO dn_lib.tools.log - load config doc: \defs\lib-conns.xml - C:\root\todd\git\dn\deepanotes\defs\lib-conns.xml
2021-07-15 23:14:26,741 [16] INFO dn_lib.tools.log - load config doc: \defs\lib-notes.xml - C:\root\todd\git\dn\deepanotes\defs\lib-notes.xml
2021-07-15 23:14:26,742 [16] INFO dn_lib.tools.log - load config doc: \defs\lib-synch.xml - C:\root\todd\git\dn\deepanotes\defs\lib-synch.xml
2021-07-15 23:14:26,743 [16] INFO dn_lib.tools.log - load config doc: \defs\lib-vars.xml - C:\root\todd\git\dn\deepanotes\defs\lib-vars.xml
2021-07-15 23:14:26,743 [16] INFO dn_lib.tools.log - load config doc: \defs\users.xml - C:\root\todd\git\dn\deepanotes\defs\users.xml
2021-07-15 23:14:26,744 [16] DEBUG dn_lib.tools.log - SQL: open conn 'Data Source=localhost;Initial Catalog=deepanotes;User ID=sa;Password=Molina32!'
2021-07-15 23:14:26,822 [6] INFO dn_lib.tools.log - reload config docs
2021-07-15 23:14:26,823 [6] INFO dn_lib.tools.log - load xml config doc: \defs\blocks.xml - C:\root\todd\git\dn\deepanotes\defs\blocks.xml
2021-07-15 23:14:26,825 [6] INFO dn_lib.tools.log - load xml config doc: \defs\cmds.xml - C:\root\todd\git\dn\deepanotes\defs\cmds.xml
2021-07-15 23:14:26,826 [6] INFO dn_lib.tools.log - load xml config doc: \defs\lib-base.xml - C:\root\todd\git\dn\deepanotes\defs\lib-base.xml
2021-07-15 23:14:26,827 [6] INFO dn_lib.tools.log - load xml config doc: \defs\lib-conns.xml - C:\root\todd\git\dn\deepanotes\defs\lib-conns.xml
2021-07-15 23:14:26,828 [6] INFO dn_lib.tools.log - load xml config doc: \defs\lib-notes.xml - C:\root\todd\git\dn\deepanotes\defs\lib-notes.xml
2021-07-15 23:14:26,828 [6] INFO dn_lib.tools.log - load xml config doc: \defs\lib-synch.xml - C:\root\todd\git\dn\deepanotes\defs\lib-synch.xml
2021-07-15 23:14:26,830 [6] INFO dn_lib.tools.log - load xml config doc: \defs\lib-vars.xml - C:\root\todd\git\dn\deepanotes\defs\lib-vars.xml
2021-07-15 23:14:26,830 [6] INFO dn_lib.tools.log - load xml config doc: \defs\users.xml - C:\root\todd\git\dn\deepanotes\defs\users.xml
2021-07-15 23:14:26,831 [6] INFO dn_lib.tools.log - load vars doc: \defs\blocks.xml - C:\root\todd\git\dn\deepanotes\defs\blocks.xml
2021-07-15 23:14:26,831 [6] INFO dn_lib.tools.log - load vars doc: \defs\cmds.xml - C:\root\todd\git\dn\deepanotes\defs\cmds.xml
2021-07-15 23:14:26,832 [6] INFO dn_lib.tools.log - load vars doc: \defs\lib-base.xml - C:\root\todd\git\dn\deepanotes\defs\lib-base.xml
2021-07-15 23:14:26,832 [6] INFO dn_lib.tools.log - load vars doc: \defs\lib-conns.xml - C:\root\todd\git\dn\deepanotes\defs\lib-conns.xml
2021-07-15 23:14:26,833 [6] INFO dn_lib.tools.log - load vars doc: \defs\lib-notes.xml - C:\root\todd\git\dn\deepanotes\defs\lib-notes.xml
2021-07-15 23:14:26,833 [6] INFO dn_lib.tools.log - load vars doc: \defs\lib-synch.xml - C:\root\todd\git\dn\deepanotes\defs\lib-synch.xml
2021-07-15 23:14:26,833 [6] INFO dn_lib.tools.log - load vars doc: \defs\lib-vars.xml - C:\root\todd\git\dn\deepanotes\defs\lib-vars.xml
2021-07-15 23:14:26,834 [6] INFO dn_lib.tools.log - load vars doc: \defs\users.xml - C:\root\todd\git\dn\deepanotes\defs\users.xml
2021-07-15 23:14:26,834 [6] INFO dn_lib.tools.log - load config doc: \defs\blocks.xml - C:\root\todd\git\dn\deepanotes\defs\blocks.xml
2021-07-15 23:14:26,835 [6] INFO dn_lib.tools.log - load config doc: \defs\cmds.xml - C:\root\todd\git\dn\deepanotes\defs\cmds.xml
2021-07-15 23:14:26,836 [6] INFO dn_lib.tools.log - load config doc: \defs\lib-base.xml - C:\root\todd\git\dn\deepanotes\defs\lib-base.xml
2021-07-15 23:14:26,836 [6] INFO dn_lib.tools.log - load config doc: \defs\lib-conns.xml - C:\root\todd\git\dn\deepanotes\defs\lib-conns.xml
2021-07-15 23:14:26,837 [6] INFO dn_lib.tools.log - load config doc: \defs\lib-notes.xml - C:\root\todd\git\dn\deepanotes\defs\lib-notes.xml
2021-07-15 23:14:26,838 [6] INFO dn_lib.tools.log - load config doc: \defs\lib-synch.xml - C:\root\todd\git\dn\deepanotes\defs\lib-synch.xml
2021-07-15 23:14:26,838 [6] INFO dn_lib.tools.log - load config doc: \defs\lib-vars.xml - C:\root\todd\git\dn\deepanotes\defs\lib-vars.xml
2021-07-15 23:14:26,838 [6] INFO dn_lib.tools.log - load config doc: \defs\users.xml - C:\root\todd\git\dn\deepanotes\defs\users.xml
2021-07-15 23:14:26,839 [6] DEBUG dn_lib.tools.log - SQL: open conn 'Data Source=localhost;Initial Catalog=deepanotes;User ID=sa;Password=Molina32!'
2021-07-15 23:14:26,938 [7] INFO dn_lib.tools.log - reload config docs
2021-07-15 23:14:26,939 [7] INFO dn_lib.tools.log - load xml config doc: \defs\blocks.xml - C:\root\todd\git\dn\deepanotes\defs\blocks.xml
2021-07-15 23:14:26,940 [7] INFO dn_lib.tools.log - load xml config doc: \defs\cmds.xml - C:\root\todd\git\dn\deepanotes\defs\cmds.xml
2021-07-15 23:14:26,941 [7] INFO dn_lib.tools.log - load xml config doc: \defs\lib-base.xml - C:\root\todd\git\dn\deepanotes\defs\lib-base.xml
2021-07-15 23:14:26,941 [7] INFO dn_lib.tools.log - load xml config doc: \defs\lib-conns.xml - C:\root\todd\git\dn\deepanotes\defs\lib-conns.xml
2021-07-15 23:14:26,942 [7] INFO dn_lib.tools.log - load xml config doc: \defs\lib-notes.xml - C:\root\todd\git\dn\deepanotes\defs\lib-notes.xml
2021-07-15 23:14:26,943 [7] INFO dn_lib.tools.log - load xml config doc: \defs\lib-synch.xml - C:\root\todd\git\dn\deepanotes\defs\lib-synch.xml
2021-07-15 23:14:26,944 [7] INFO dn_lib.tools.log - load xml config doc: \defs\lib-vars.xml - C:\root\todd\git\dn\deepanotes\defs\lib-vars.xml
2021-07-15 23:14:26,946 [7] INFO dn_lib.tools.log - load xml config doc: \defs\users.xml - C:\root\todd\git\dn\deepanotes\defs\users.xml
2021-07-15 23:14:26,946 [7] INFO dn_lib.tools.log - load vars doc: \defs\blocks.xml - C:\root\todd\git\dn\deepanotes\defs\blocks.xml
2021-07-15 23:14:26,947 [7] INFO dn_lib.tools.log - load vars doc: \defs\cmds.xml - C:\root\todd\git\dn\deepanotes\defs\cmds.xml
2021-07-15 23:14:26,948 [7] INFO dn_lib.tools.log - load vars doc: \defs\lib-base.xml - C:\root\todd\git\dn\deepanotes\defs\lib-base.xml
2021-07-15 23:14:26,948 [7] INFO dn_lib.tools.log - load vars doc: \defs\lib-conns.xml - C:\root\todd\git\dn\deepanotes\defs\lib-conns.xml
2021-07-15 23:14:26,948 [7] INFO dn_lib.tools.log - load vars doc: \defs\lib-notes.xml - C:\root\todd\git\dn\deepanotes\defs\lib-notes.xml
2021-07-15 23:14:26,949 [7] INFO dn_lib.tools.log - load vars doc: \defs\lib-synch.xml - C:\root\todd\git\dn\deepanotes\defs\lib-synch.xml
2021-07-15 23:14:26,949 [7] INFO dn_lib.tools.log - load vars doc: \defs\lib-vars.xml - C:\root\todd\git\dn\deepanotes\defs\lib-vars.xml
2021-07-15 23:14:26,950 [7] INFO dn_lib.tools.log - load vars doc: \defs\users.xml - C:\root\todd\git\dn\deepanotes\defs\users.xml
2021-07-15 23:14:26,951 [7] INFO dn_lib.tools.log - load config doc: \defs\blocks.xml - C:\root\todd\git\dn\deepanotes\defs\blocks.xml
2021-07-15 23:14:26,952 [7] INFO dn_lib.tools.log - load config doc: \defs\cmds.xml - C:\root\todd\git\dn\deepanotes\defs\cmds.xml
2021-07-15 23:14:26,953 [7] INFO dn_lib.tools.log - load config doc: \defs\lib-base.xml - C:\root\todd\git\dn\deepanotes\defs\lib-base.xml
2021-07-15 23:14:26,953 [7] INFO dn_lib.tools.log - load config doc: \defs\lib-conns.xml - C:\root\todd\git\dn\deepanotes\defs\lib-conns.xml
2021-07-15 23:14:26,954 [7] INFO dn_lib.tools.log - load config doc: \defs\lib-notes.xml - C:\root\todd\git\dn\deepanotes\defs\lib-notes.xml
2021-07-15 23:14:26,956 [7] INFO dn_lib.tools.log - load config doc: \defs\lib-synch.xml - C:\root\todd\git\dn\deepanotes\defs\lib-synch.xml
2021-07-15 23:14:26,957 [7] INFO dn_lib.tools.log - load config doc: \defs\lib-vars.xml - C:\root\todd\git\dn\deepanotes\defs\lib-vars.xml
2021-07-15 23:14:26,957 [7] INFO dn_lib.tools.log - load config doc: \defs\users.xml - C:\root\todd\git\dn\deepanotes\defs\users.xml
2021-07-15 23:14:26,958 [7] DEBUG dn_lib.tools.log - SQL: open conn 'Data Source=localhost;Initial Catalog=deepanotes;User ID=sa;Password=Molina32!'
2021-07-15 23:14:27,007 [14] INFO dn_lib.tools.log - reload config docs
2021-07-15 23:14:27,008 [14] INFO dn_lib.tools.log - load xml config doc: \defs\blocks.xml - C:\root\todd\git\dn\deepanotes\defs\blocks.xml
2021-07-15 23:14:27,008 [14] INFO dn_lib.tools.log - load xml config doc: \defs\cmds.xml - C:\root\todd\git\dn\deepanotes\defs\cmds.xml
2021-07-15 23:14:27,010 [14] INFO dn_lib.tools.log - load xml config doc: \defs\lib-base.xml - C:\root\todd\git\dn\deepanotes\defs\lib-base.xml
2021-07-15 23:14:27,011 [14] INFO dn_lib.tools.log - load xml config doc: \defs\lib-conns.xml - C:\root\todd\git\dn\deepanotes\defs\lib-conns.xml
2021-07-15 23:14:27,011 [14] INFO dn_lib.tools.log - load xml config doc: \defs\lib-notes.xml - C:\root\todd\git\dn\deepanotes\defs\lib-notes.xml
2021-07-15 23:14:27,012 [14] INFO dn_lib.tools.log - load xml config doc: \defs\lib-synch.xml - C:\root\todd\git\dn\deepanotes\defs\lib-synch.xml
2021-07-15 23:14:27,012 [14] INFO dn_lib.tools.log - load xml config doc: \defs\lib-vars.xml - C:\root\todd\git\dn\deepanotes\defs\lib-vars.xml
2021-07-15 23:14:27,013 [14] INFO dn_lib.tools.log - load xml config doc: \defs\users.xml - C:\root\todd\git\dn\deepanotes\defs\users.xml
2021-07-15 23:14:27,015 [14] INFO dn_lib.tools.log - load vars doc: \defs\blocks.xml - C:\root\todd\git\dn\deepanotes\defs\blocks.xml
2021-07-15 23:14:27,015 [14] INFO dn_lib.tools.log - load vars doc: \defs\cmds.xml - C:\root\todd\git\dn\deepanotes\defs\cmds.xml
2021-07-15 23:14:27,016 [14] INFO dn_lib.tools.log - load vars doc: \defs\lib-base.xml - C:\root\todd\git\dn\deepanotes\defs\lib-base.xml
2021-07-15 23:14:27,016 [14] INFO dn_lib.tools.log - load vars doc: \defs\lib-conns.xml - C:\root\todd\git\dn\deepanotes\defs\lib-conns.xml
2021-07-15 23:14:27,018 [14] INFO dn_lib.tools.log - load vars doc: \defs\lib-notes.xml - C:\root\todd\git\dn\deepanotes\defs\lib-notes.xml
2021-07-15 23:14:27,018 [14] INFO dn_lib.tools.log - load vars doc: \defs\lib-synch.xml - C:\root\todd\git\dn\deepanotes\defs\lib-synch.xml
2021-07-15 23:14:27,019 [14] INFO dn_lib.tools.log - load vars doc: \defs\lib-vars.xml - C:\root\todd\git\dn\deepanotes\defs\lib-vars.xml
2021-07-15 23:14:27,020 [14] INFO dn_lib.tools.log - load vars doc: \defs\users.xml - C:\root\todd\git\dn\deepanotes\defs\users.xml
2021-07-15 23:14:27,020 [14] INFO dn_lib.tools.log - load config doc: \defs\blocks.xml - C:\root\todd\git\dn\deepanotes\defs\blocks.xml
2021-07-15 23:14:27,021 [14] INFO dn_lib.tools.log - load config doc: \defs\cmds.xml - C:\root\todd\git\dn\deepanotes\defs\cmds.xml
2021-07-15 23:14:27,021 [14] INFO dn_lib.tools.log - load config doc: \defs\lib-base.xml - C:\root\todd\git\dn\deepanotes\defs\lib-base.xml
2021-07-15 23:14:27,021 [14] INFO dn_lib.tools.log - load config doc: \defs\lib-conns.xml - C:\root\todd\git\dn\deepanotes\defs\lib-conns.xml
2021-07-15 23:14:27,022 [14] INFO dn_lib.tools.log - load config doc: \defs\lib-notes.xml - C:\root\todd\git\dn\deepanotes\defs\lib-notes.xml
2021-07-15 23:14:27,023 [14] INFO dn_lib.tools.log - load config doc: \defs\lib-synch.xml - C:\root\todd\git\dn\deepanotes\defs\lib-synch.xml
2021-07-15 23:14:27,023 [14] INFO dn_lib.tools.log - load config doc: \defs\lib-vars.xml - C:\root\todd\git\dn\deepanotes\defs\lib-vars.xml
2021-07-15 23:14:27,024 [14] INFO dn_lib.tools.log - load config doc: \defs\users.xml - C:\root\todd\git\dn\deepanotes\defs\users.xml
2021-07-15 23:14:27,051 [14] DEBUG dn_lib.tools.log - SQL: open conn 'Data Source=localhost;Initial Catalog=deepanotes;User ID=sa;Password=Molina32!'
2021-07-15 23:14:27,098 [14] DEBUG dn_lib.tools.log - SQL: select task_filter_id, filter_title, filter_notes, filter_def, filter_class
 from dn_tasks_filters order by filter_order
2021-07-15 23:14:27,116 [14] DEBUG dn_lib.tools.log - SQL: select var_name, var_value 
          from users_cache where [user_id] = 0 and var_name in ('active-task-filter')
2021-07-15 23:14:27,130 [14] DEBUG dn_lib.tools.log - SQL: select ft.tp, ft.synch_folder_id, ft.folder_id, ft.parent_id, ft.title
       , ft.des, ft.http_path, ft.lvl, dbo.folder_path(ft.folder_id) as folder_path
       , (select top 1 1 from dn_tasks where folder_id = ft.folder_id) as is_task
      from dbo.fnc_dn_folders(null, null) ft
      
      order by ft.synch_folder_id, ft.lvl, ft.title
2021-07-15 23:14:27,350 [14] DEBUG dn_lib.tools.log - SQL: select f.synch_folder_id, f.file_id, f.folder_id, f.file_name, f.dt_ins , null as found_file
       from dn_files f
       where exists (select top 1 1 from dbo.fnc_dn_folders(null, null) ft 
        
	      where ft.synch_folder_id = f.synch_folder_id 
          and isnull(ft.folder_id, 0) = isnull(f.folder_id, 0))
2021-07-15 23:14:27,489 [14] DEBUG dn_lib.tools.log - SQL: select t3.*
      , tst.stato, tst.[order] as stato_order, isnull(tst.class, 'light') as stato_class, isnull(tst.title_plurale, '') as stato_title_plurale, isnull(tst.title_singolare, '') as stato_title_singolare
      , tp.priorita, tp.[order] as priorita_order, isnull(tp.class, 'light') as priorita_class, isnull(tp.title_plurale, '') as priorita_title_plurale, isnull(tp.title_singolare, '') as priorita_title_singolare
      , tt.tipo, tt.[order] as tipo_order, isnull(tt.class, 'light') as tipo_class, isnull(tt.title_plurale, '') as tipo_title_plurale, isnull(tt.title_singolare, '') as tipo_title_singolare
      , ts.stima, ts.[days] as stima_days, isnull(ts.class, 'light') as stima_class, isnull(ts.title_plurale, '') as stima_title_plurale, isnull(ts.title_singolare, '') as stima_title_singolare
      , (select top 1 1 from dn_tasks_notes where task_id = t3.task_id) as task_notes
      , (select top 1 1 from vw_task_allegati f2 where f2.task_id = t3.task_id 
          and not exists (select top 1 1 from dn_files_info where file_name = f2.file_name)) as task_files
  from (select t2.*, datediff(day, t2.dt_ref, getdate()) as diff_days
    from (select t.task_id, t.synch_folder_id, isnull(t.folder_id, f.folder_id) as folder_id
	   , t.file_id, t.title, t.[user], t.stato, t.priorita, t.tipo, t.stima, t.dt_ins, t.dt_upd
     , t.dt_lwt, (case when isnull(t.dt_ins, 0) > isnull(t.dt_upd, 0) then t.dt_ins else t.dt_upd end) as dt_ref
	  from dn_tasks t
    
	  left join dn_files f on f.file_id = t.file_id
    where (null is null or (null is not null and t.task_id = null)) ) t2
    where exists (select top 1 1 from dbo.fnc_dn_folders(null, null) ft 
	    where  ft.synch_folder_id = t2.synch_folder_id 
       and isnull(ft.folder_id, 0) = isnull(t2.folder_id, 0))) t3
   left join dn_task_stato tst on tst.stato = t3.stato
   left join dn_task_priorita tp on tp.priorita = t3.priorita
   left join dn_task_tipo tt on tt.tipo = t3.tipo
   left join dn_task_stima ts on ts.stima = t3.stima
   where 1 = 1 
2021-07-15 23:14:27,799 [14] DEBUG dn_lib.tools.log - SQL: select title_singolare, stato from dn_task_stato order by [order]
2021-07-15 23:14:28,371 [14] DEBUG dn_lib.tools.log - SQL: select t.title, t.[value]
      from (select '' as title, '' as [value], -1 as [order]
       union select title_singolare as title, priorita as [value], [order] from dn_task_priorita
      ) t order by t.[order]
2021-07-15 23:14:28,593 [14] DEBUG dn_lib.tools.log - SQL: select t.title, t.[value]
      from (select '' as title, '' as [value], -1 as [days]
       union select title_singolare as title, stima as [value], [days] from dn_task_stima 
       ) t order by t.[days]
2021-07-15 23:14:28,597 [14] DEBUG dn_lib.tools.log - SQL: select t.title, t.[value]
      from (select '' as title, '' as [value], -1 as [order]
       union select title_singolare as title, tipo as [value], [order] from dn_task_tipo
       ) t order by t.[order]
2021-07-15 23:14:28,601 [14] DEBUG dn_lib.tools.log - SQL: select t.title, t.[value]
      from (select '' as title, '' as [value]
       union select nome as title, nome as [value] from users
       ) t order by 2
